{"/home/travis/build/npmtest/node-npmtest-msexcel-builder/test.js":{"path":"/home/travis/build/npmtest/node-npmtest-msexcel-builder/test.js","s":{"1":2,"2":2,"3":2,"4":2,"5":2,"6":2,"7":2,"8":1,"9":2,"10":2,"11":1,"12":1,"13":1,"14":1,"15":2,"16":2,"17":2,"18":2,"19":1,"20":1,"21":2,"22":2,"23":2,"24":1,"25":1,"26":1,"27":1,"28":1,"29":1,"30":1,"31":1,"32":1,"33":1,"34":1,"35":1,"36":1,"37":1,"38":1,"39":2,"40":2,"41":1,"42":2,"43":2,"44":1,"45":2,"46":2,"47":1,"48":2,"49":2,"50":1,"51":1,"52":1,"53":1,"54":1},"b":{"1":[2,1,1,1],"2":[1,1,1,1],"3":[1,1],"4":[1,1],"5":[1,1],"6":[1,1],"7":[1,1],"8":[1,1],"9":[1,1],"10":[1,1,1],"11":[1,1],"12":[1,1],"13":[1,1],"14":[1,1],"15":[1,1],"16":[1,1],"17":[1,1]},"f":{"1":2,"2":2,"3":2,"4":2,"5":2,"6":1,"7":1,"8":1,"9":2,"10":2,"11":2,"12":2,"13":1},"fnMap":{"1":{"name":"(anonymous_1)","line":12,"loc":{"start":{"line":12,"column":1},"end":{"line":12,"column":13}}},"2":{"name":"(anonymous_2)","line":19,"loc":{"start":{"line":19,"column":5},"end":{"line":19,"column":17}}},"3":{"name":"(anonymous_3)","line":23,"loc":{"start":{"line":23,"column":24},"end":{"line":23,"column":36}}},"4":{"name":"(anonymous_4)","line":61,"loc":{"start":{"line":61,"column":5},"end":{"line":61,"column":17}}},"5":{"name":"(anonymous_5)","line":82,"loc":{"start":{"line":82,"column":5},"end":{"line":82,"column":17}}},"6":{"name":"(anonymous_6)","line":91,"loc":{"start":{"line":91,"column":77},"end":{"line":94,"column":10}}},"7":{"name":"(anonymous_7)","line":112,"loc":{"start":{"line":112,"column":83},"end":{"line":115,"column":10}},"skip":true},"8":{"name":"(anonymous_8)","line":123,"loc":{"start":{"line":123,"column":77},"end":{"line":126,"column":10}},"skip":true},"9":{"name":"(anonymous_9)","line":139,"loc":{"start":{"line":139,"column":12},"end":{"line":139,"column":40}},"skip":true},"10":{"name":"(anonymous_10)","line":147,"loc":{"start":{"line":147,"column":77},"end":{"line":150,"column":10}},"skip":true},"11":{"name":"(anonymous_11)","line":158,"loc":{"start":{"line":158,"column":83},"end":{"line":161,"column":10}},"skip":true},"12":{"name":"(anonymous_12)","line":169,"loc":{"start":{"line":169,"column":79},"end":{"line":172,"column":10}},"skip":true},"13":{"name":"(anonymous_13)","line":180,"loc":{"start":{"line":180,"column":75},"end":{"line":183,"column":10}},"skip":true}},"statementMap":{"1":{"start":{"line":12,"column":0},"end":{"line":195,"column":5}},"2":{"start":{"line":14,"column":4},"end":{"line":14,"column":14}},"3":{"start":{"line":19,"column":4},"end":{"line":56,"column":9}},"4":{"start":{"line":21,"column":8},"end":{"line":21,"column":19}},"5":{"start":{"line":23,"column":8},"end":{"line":35,"column":13}},"6":{"start":{"line":24,"column":12},"end":{"line":34,"column":13}},"7":{"start":{"line":25,"column":16},"end":{"line":28,"column":30}},"8":{"start":{"line":30,"column":16},"end":{"line":33,"column":27}},"9":{"start":{"line":37,"column":8},"end":{"line":39,"column":21}},"10":{"start":{"line":40,"column":8},"end":{"line":53,"column":9}},"11":{"start":{"line":43,"column":12},"end":{"line":46,"column":14}},"12":{"start":{"line":47,"column":12},"end":{"line":47,"column":18}},"13":{"start":{"line":50,"column":12},"end":{"line":51,"column":33}},"14":{"start":{"line":52,"column":12},"end":{"line":52,"column":18}},"15":{"start":{"line":55,"column":8},"end":{"line":55,"column":35}},"16":{"start":{"line":61,"column":4},"end":{"line":63,"column":9}},"17":{"start":{"line":62,"column":8},"end":{"line":62,"column":15}},"18":{"start":{"line":64,"column":4},"end":{"line":77,"column":5}},"19":{"start":{"line":70,"column":8},"end":{"line":70,"column":14}},"20":{"start":{"line":76,"column":8},"end":{"line":76,"column":14}},"21":{"start":{"line":82,"column":4},"end":{"line":84,"column":9}},"22":{"start":{"line":83,"column":8},"end":{"line":83,"column":15}},"23":{"start":{"line":85,"column":4},"end":{"line":194,"column":5}},"24":{"start":{"line":91,"column":8},"end":{"line":99,"column":10}},"25":{"start":{"line":98,"column":12},"end":{"line":98,"column":35}},"26":{"start":{"line":102,"column":8},"end":{"line":104,"column":63}},"27":{"start":{"line":105,"column":8},"end":{"line":105,"column":14}},"28":{"start":{"line":112,"column":8},"end":{"line":121,"column":10},"skip":true},"29":{"start":{"line":119,"column":12},"end":{"line":119,"column":55},"skip":true},"30":{"start":{"line":120,"column":12},"end":{"line":120,"column":48},"skip":true},"31":{"start":{"line":123,"column":8},"end":{"line":136,"column":10},"skip":true},"32":{"start":{"line":130,"column":12},"end":{"line":130,"column":76},"skip":true},"33":{"start":{"line":131,"column":12},"end":{"line":131,"column":73},"skip":true},"34":{"start":{"line":132,"column":12},"end":{"line":132,"column":74},"skip":true},"35":{"start":{"line":133,"column":12},"end":{"line":133,"column":79},"skip":true},"36":{"start":{"line":134,"column":12},"end":{"line":134,"column":25},"skip":true},"37":{"start":{"line":135,"column":12},"end":{"line":135,"column":45},"skip":true},"38":{"start":{"line":138,"column":8},"end":{"line":145,"column":14},"skip":true},"39":{"start":{"line":143,"column":16},"end":{"line":143,"column":29},"skip":true},"40":{"start":{"line":144,"column":16},"end":{"line":144,"column":55},"skip":true},"41":{"start":{"line":147,"column":8},"end":{"line":156,"column":10},"skip":true},"42":{"start":{"line":154,"column":12},"end":{"line":154,"column":25},"skip":true},"43":{"start":{"line":155,"column":12},"end":{"line":155,"column":45},"skip":true},"44":{"start":{"line":158,"column":8},"end":{"line":167,"column":10},"skip":true},"45":{"start":{"line":165,"column":12},"end":{"line":165,"column":25},"skip":true},"46":{"start":{"line":166,"column":12},"end":{"line":166,"column":48},"skip":true},"47":{"start":{"line":169,"column":8},"end":{"line":178,"column":10},"skip":true},"48":{"start":{"line":176,"column":12},"end":{"line":176,"column":25},"skip":true},"49":{"start":{"line":177,"column":12},"end":{"line":177,"column":46},"skip":true},"50":{"start":{"line":180,"column":8},"end":{"line":189,"column":10},"skip":true},"51":{"start":{"line":187,"column":12},"end":{"line":187,"column":94},"skip":true},"52":{"start":{"line":188,"column":12},"end":{"line":188,"column":48},"skip":true},"53":{"start":{"line":192,"column":8},"end":{"line":192,"column":35},"skip":true},"54":{"start":{"line":193,"column":8},"end":{"line":193,"column":14},"skip":true}},"branchMap":{"1":{"line":25,"type":"binary-expr","locations":[{"start":{"line":25,"column":23},"end":{"line":25,"column":62}},{"start":{"line":26,"column":20},"end":{"line":26,"column":70}},{"start":{"line":27,"column":20},"end":{"line":27,"column":71}},{"start":{"line":28,"column":20},"end":{"line":28,"column":29}}]},"2":{"line":30,"type":"binary-expr","locations":[{"start":{"line":30,"column":23},"end":{"line":30,"column":37}},{"start":{"line":31,"column":20},"end":{"line":31,"column":61}},{"start":{"line":32,"column":20},"end":{"line":32,"column":70}},{"start":{"line":33,"column":20},"end":{"line":33,"column":26}}]},"3":{"line":37,"type":"cond-expr","locations":[{"start":{"line":38,"column":14},"end":{"line":38,"column":20}},{"start":{"line":39,"column":14},"end":{"line":39,"column":20}}]},"4":{"line":40,"type":"switch","locations":[{"start":{"line":42,"column":8},"end":{"line":47,"column":18}},{"start":{"line":49,"column":8},"end":{"line":52,"column":18}}]},"5":{"line":44,"type":"binary-expr","locations":[{"start":{"line":44,"column":16},"end":{"line":44,"column":44}},{"start":{"line":44,"column":48},"end":{"line":44,"column":66}}]},"6":{"line":50,"type":"binary-expr","locations":[{"start":{"line":50,"column":21},"end":{"line":50,"column":49}},{"start":{"line":50,"column":53},"end":{"line":50,"column":72}}]},"7":{"line":64,"type":"switch","locations":[{"start":{"line":69,"column":4},"end":{"line":70,"column":14}},{"start":{"line":75,"column":4},"end":{"line":76,"column":14}}]},"8":{"line":85,"type":"switch","locations":[{"start":{"line":90,"column":4},"end":{"line":105,"column":14}},{"start":{"line":111,"column":4},"end":{"line":193,"column":14},"skip":true}]},"9":{"line":91,"type":"binary-expr","locations":[{"start":{"line":91,"column":42},"end":{"line":91,"column":73}},{"start":{"line":91,"column":77},"end":{"line":99,"column":9}}]},"10":{"line":102,"type":"binary-expr","locations":[{"start":{"line":102,"column":18},"end":{"line":102,"column":32}},{"start":{"line":103,"column":12},"end":{"line":103,"column":53}},{"start":{"line":104,"column":12},"end":{"line":104,"column":61}}]},"11":{"line":112,"type":"binary-expr","locations":[{"start":{"line":112,"column":45},"end":{"line":112,"column":79},"skip":true},{"start":{"line":112,"column":83},"end":{"line":121,"column":9},"skip":true}]},"12":{"line":123,"type":"binary-expr","locations":[{"start":{"line":123,"column":42},"end":{"line":123,"column":73},"skip":true},{"start":{"line":123,"column":77},"end":{"line":136,"column":9},"skip":true}]},"13":{"line":138,"type":"binary-expr","locations":[{"start":{"line":138,"column":48},"end":{"line":138,"column":85},"skip":true},{"start":{"line":139,"column":12},"end":{"line":145,"column":13},"skip":true}]},"14":{"line":147,"type":"binary-expr","locations":[{"start":{"line":147,"column":42},"end":{"line":147,"column":73},"skip":true},{"start":{"line":147,"column":77},"end":{"line":156,"column":9},"skip":true}]},"15":{"line":158,"type":"binary-expr","locations":[{"start":{"line":158,"column":45},"end":{"line":158,"column":79},"skip":true},{"start":{"line":158,"column":83},"end":{"line":167,"column":9},"skip":true}]},"16":{"line":169,"type":"binary-expr","locations":[{"start":{"line":169,"column":43},"end":{"line":169,"column":75},"skip":true},{"start":{"line":169,"column":79},"end":{"line":178,"column":9},"skip":true}]},"17":{"line":180,"type":"binary-expr","locations":[{"start":{"line":180,"column":41},"end":{"line":180,"column":71},"skip":true},{"start":{"line":180,"column":75},"end":{"line":189,"column":9},"skip":true}]}},"code":["/* istanbul instrument in package npmtest_msexcel_builder */","/*jslint","    bitwise: true,","    browser: true,","    maxerr: 8,","    maxlen: 96,","    node: true,","    nomen: true,","    regexp: true,","    stupid: true","*/","(function () {","    'use strict';","    var local;","","","","    // run shared js-env code - init-before","    (function () {","        // init local","        local = {};","        // init modeJs","        local.modeJs = (function () {","            try {","                return typeof navigator.userAgent === 'string' &&","                    typeof document.querySelector('body') === 'object' &&","                    typeof XMLHttpRequest.prototype.open === 'function' &&","                    'browser';","            } catch (errorCaughtBrowser) {","                return module.exports &&","                    typeof process.versions.node === 'string' &&","                    typeof require('http').createServer === 'function' &&","                    'node';","            }","        }());","        // init global","        local.global = local.modeJs === 'browser'","            ? window","            : global;","        switch (local.modeJs) {","        // re-init local from window.local","        case 'browser':","            local = local.global.utility2.objectSetDefault(","                local.global.utility2_rollup || local.global.local,","                local.global.utility2","            );","            break;","        // re-init local from example.js","        case 'node':","            local = (local.global.utility2_rollup || require('utility2'))","                .requireReadme();","            break;","        }","        // export local","        local.global.local = local;","    }());","","","","    // run shared js-env code - function","    (function () {","        return;","    }());","    switch (local.modeJs) {","","","","    // run browser js-env code - function","    case 'browser':","        break;","","","","    // run node js-env code - function","    case 'node':","        break;","    }","","","","    // run shared js-env code - init-after","    (function () {","        return;","    }());","    switch (local.modeJs) {","","","","    // run browser js-env code - init-after","    case 'browser':","        local.testCase_browser_nullCase = local.testCase_browser_nullCase || function (","            options,","            onError","        ) {","        /*","         * this function will test browsers's null-case handling-behavior-behavior","         */","            onError(null, options);","        };","","        // run tests","        local.nop(local.modeTest &&","            document.querySelector('#testRunButton1') &&","            document.querySelector('#testRunButton1').click());","        break;","","","","    // run node js-env code - init-after","    /* istanbul ignore next */","    case 'node':","        local.testCase_buildApidoc_default = local.testCase_buildApidoc_default || function (","            options,","            onError","        ) {","        /*","         * this function will test buildApidoc's default handling-behavior-behavior","         */","            options = { modulePathList: module.paths };","            local.buildApidoc(options, onError);","        };","","        local.testCase_buildApp_default = local.testCase_buildApp_default || function (","            options,","            onError","        ) {","        /*","         * this function will test buildApp's default handling-behavior-behavior","         */","            local.testCase_buildReadme_default(options, local.onErrorThrow);","            local.testCase_buildLib_default(options, local.onErrorThrow);","            local.testCase_buildTest_default(options, local.onErrorThrow);","            local.testCase_buildCustomOrg_default(options, local.onErrorThrow);","            options = [];","            local.buildApp(options, onError);","        };","","        local.testCase_buildCustomOrg_default = local.testCase_buildCustomOrg_default ||","            function (options, onError) {","            /*","             * this function will test buildCustomOrg's default handling-behavior","             */","                options = {};","                local.buildCustomOrg(options, onError);","            };","","        local.testCase_buildLib_default = local.testCase_buildLib_default || function (","            options,","            onError","        ) {","        /*","         * this function will test buildLib's default handling-behavior","         */","            options = {};","            local.buildLib(options, onError);","        };","","        local.testCase_buildReadme_default = local.testCase_buildReadme_default || function (","            options,","            onError","        ) {","        /*","         * this function will test buildReadme's default handling-behavior-behavior","         */","            options = {};","            local.buildReadme(options, onError);","        };","","        local.testCase_buildTest_default = local.testCase_buildTest_default || function (","            options,","            onError","        ) {","        /*","         * this function will test buildTest's default handling-behavior","         */","            options = {};","            local.buildTest(options, onError);","        };","","        local.testCase_webpage_default = local.testCase_webpage_default || function (","            options,","            onError","        ) {","        /*","         * this function will test webpage's default handling-behavior","         */","            options = { modeCoverageMerge: true, url: local.serverLocalHost + '?modeTest=1' };","            local.browserTest(options, onError);","        };","","        // run test-server","        local.testRunServer(local);","        break;","    }","}());",""],"l":{"12":2,"14":2,"19":2,"21":2,"23":2,"24":2,"25":2,"30":1,"37":2,"40":2,"43":1,"47":1,"50":1,"52":1,"55":2,"61":2,"62":2,"64":2,"70":1,"76":1,"82":2,"83":2,"85":2,"91":1,"98":1,"102":1,"105":1,"112":1,"119":1,"120":1,"123":1,"130":1,"131":1,"132":1,"133":1,"134":1,"135":1,"138":1,"143":2,"144":2,"147":1,"154":2,"155":2,"158":1,"165":2,"166":2,"169":1,"176":2,"177":2,"180":1,"187":1,"188":1,"192":1,"193":1}},"/home/travis/build/npmtest/node-npmtest-msexcel-builder/lib.npmtest_msexcel_builder.js":{"path":"/home/travis/build/npmtest/node-npmtest-msexcel-builder/lib.npmtest_msexcel_builder.js","s":{"1":2,"2":2,"3":2,"4":2,"5":2,"6":2,"7":2,"8":1,"9":2,"10":2,"11":2,"12":2,"13":1,"14":1,"15":1,"16":1},"b":{"1":[2,1,1,1],"2":[1,1,1,1],"3":[1,1],"4":[2,2],"5":[1,1]},"f":{"1":2,"2":2,"3":2},"fnMap":{"1":{"name":"(anonymous_1)","line":12,"loc":{"start":{"line":12,"column":1},"end":{"line":12,"column":13}}},"2":{"name":"(anonymous_2)","line":19,"loc":{"start":{"line":19,"column":5},"end":{"line":19,"column":17}}},"3":{"name":"(anonymous_3)","line":23,"loc":{"start":{"line":23,"column":24},"end":{"line":23,"column":36}}}},"statementMap":{"1":{"start":{"line":12,"column":0},"end":{"line":53,"column":5}},"2":{"start":{"line":14,"column":4},"end":{"line":14,"column":14}},"3":{"start":{"line":19,"column":4},"end":{"line":52,"column":9}},"4":{"start":{"line":21,"column":8},"end":{"line":21,"column":19}},"5":{"start":{"line":23,"column":8},"end":{"line":35,"column":13}},"6":{"start":{"line":24,"column":12},"end":{"line":34,"column":13}},"7":{"start":{"line":25,"column":16},"end":{"line":28,"column":30}},"8":{"start":{"line":30,"column":16},"end":{"line":33,"column":27}},"9":{"start":{"line":37,"column":8},"end":{"line":39,"column":21}},"10":{"start":{"line":41,"column":8},"end":{"line":41,"column":54}},"11":{"start":{"line":43,"column":8},"end":{"line":43,"column":60}},"12":{"start":{"line":45,"column":8},"end":{"line":51,"column":9}},"13":{"start":{"line":46,"column":12},"end":{"line":46,"column":66}},"14":{"start":{"line":48,"column":12},"end":{"line":48,"column":35}},"15":{"start":{"line":49,"column":12},"end":{"line":49,"column":49}},"16":{"start":{"line":50,"column":12},"end":{"line":50,"column":43}}},"branchMap":{"1":{"line":25,"type":"binary-expr","locations":[{"start":{"line":25,"column":23},"end":{"line":25,"column":62}},{"start":{"line":26,"column":20},"end":{"line":26,"column":70}},{"start":{"line":27,"column":20},"end":{"line":27,"column":71}},{"start":{"line":28,"column":20},"end":{"line":28,"column":29}}]},"2":{"line":30,"type":"binary-expr","locations":[{"start":{"line":30,"column":23},"end":{"line":30,"column":37}},{"start":{"line":31,"column":20},"end":{"line":31,"column":61}},{"start":{"line":32,"column":20},"end":{"line":32,"column":70}},{"start":{"line":33,"column":20},"end":{"line":33,"column":26}}]},"3":{"line":37,"type":"cond-expr","locations":[{"start":{"line":38,"column":14},"end":{"line":38,"column":20}},{"start":{"line":39,"column":14},"end":{"line":39,"column":20}}]},"4":{"line":41,"type":"binary-expr","locations":[{"start":{"line":41,"column":16},"end":{"line":41,"column":44}},{"start":{"line":41,"column":48},"end":{"line":41,"column":53}}]},"5":{"line":45,"type":"if","locations":[{"start":{"line":45,"column":8},"end":{"line":45,"column":8}},{"start":{"line":45,"column":8},"end":{"line":45,"column":8}}]}},"code":["/* istanbul instrument in package npmtest_msexcel_builder */","/*jslint","    bitwise: true,","    browser: true,","    maxerr: 8,","    maxlen: 96,","    node: true,","    nomen: true,","    regexp: true,","    stupid: true","*/","(function () {","    'use strict';","    var local;","","","","    // run shared js-env code - init-before","    (function () {","        // init local","        local = {};","        // init modeJs","        local.modeJs = (function () {","            try {","                return typeof navigator.userAgent === 'string' &&","                    typeof document.querySelector('body') === 'object' &&","                    typeof XMLHttpRequest.prototype.open === 'function' &&","                    'browser';","            } catch (errorCaughtBrowser) {","                return module.exports &&","                    typeof process.versions.node === 'string' &&","                    typeof require('http').createServer === 'function' &&","                    'node';","            }","        }());","        // init global","        local.global = local.modeJs === 'browser'","            ? window","            : global;","        // init utility2_rollup","        local = local.global.utility2_rollup || local;","        // init lib","        local.local = local.npmtest_msexcel_builder = local;","        // init exports","        if (local.modeJs === 'browser') {","            local.global.utility2_npmtest_msexcel_builder = local;","        } else {","            module.exports = local;","            module.exports.__dirname = __dirname;","            module.exports.module = module;","        }","    }());","}());",""],"l":{"12":2,"14":2,"19":2,"21":2,"23":2,"24":2,"25":2,"30":1,"37":2,"41":2,"43":2,"45":2,"46":1,"48":1,"49":1,"50":1}},"/home/travis/build/npmtest/node-npmtest-msexcel-builder/example.js":{"path":"/home/travis/build/npmtest/node-npmtest-msexcel-builder/example.js","s":{"1":2,"2":2,"3":2,"4":2,"5":2,"6":2,"7":2,"8":1,"9":2,"10":2,"11":2,"12":2,"13":1,"14":2,"15":2,"16":2,"17":2,"18":2,"19":0,"20":2,"21":1,"22":1,"23":1,"24":1,"25":1,"26":0,"27":0,"28":1,"29":1,"30":2,"31":0,"32":0,"33":0,"34":1,"35":2,"36":2,"37":3,"38":3,"39":3,"40":3,"41":0,"42":3,"43":3,"44":3,"45":1,"46":3,"47":1,"48":1,"49":1,"50":1,"51":1,"52":1,"53":1,"54":1,"55":1,"56":1,"57":0,"58":1,"59":6,"60":6,"61":1,"62":2,"63":0,"64":2,"65":1,"66":1,"67":0,"68":0,"69":0,"70":0,"71":0,"72":0,"73":0,"74":0,"75":0,"76":0,"77":0,"78":0,"79":0,"80":0,"81":0,"82":0,"83":0},"b":{"1":[2,1,1,1],"2":[1,1,1,1],"3":[1,1],"4":[2,2],"5":[1,1],"6":[1,1],"7":[2,0],"8":[2,1,1,1,1,1],"9":[0,2,0],"10":[1,1],"11":[2,1,1],"12":[1,0],"13":[0,2],"14":[2,0,0,0,0,0,0],"15":[0,3],"16":[3,0],"17":[1,1],"18":[0,1],"19":[1,2,0,2],"20":[1,0],"21":[1,1],"22":[0,0],"23":[0,0],"24":[0,0],"25":[0,0],"26":[0,0],"27":[0,0],"28":[0,0]},"f":{"1":2,"2":2,"3":2,"4":2,"5":2,"6":2,"7":3,"8":3,"9":3,"10":1,"11":6,"12":0},"fnMap":{"1":{"name":"(anonymous_1)","line":26,"loc":{"start":{"line":26,"column":1},"end":{"line":26,"column":13}}},"2":{"name":"(anonymous_2)","line":33,"loc":{"start":{"line":33,"column":5},"end":{"line":33,"column":17}}},"3":{"name":"(anonymous_3)","line":37,"loc":{"start":{"line":37,"column":24},"end":{"line":37,"column":36}}},"4":{"name":"(anonymous_4)","line":69,"loc":{"start":{"line":69,"column":31},"end":{"line":69,"column":48}},"skip":true},"5":{"name":"(anonymous_5)","line":78,"loc":{"start":{"line":78,"column":26},"end":{"line":78,"column":45}},"skip":true},"6":{"name":"(anonymous_6)","line":123,"loc":{"start":{"line":123,"column":33},"end":{"line":123,"column":48}},"skip":true},"7":{"name":"(anonymous_7)","line":125,"loc":{"start":{"line":125,"column":27},"end":{"line":125,"column":39}},"skip":true},"8":{"name":"(anonymous_8)","line":133,"loc":{"start":{"line":133,"column":59},"end":{"line":133,"column":74}},"skip":true},"9":{"name":"(anonymous_9)","line":143,"loc":{"start":{"line":143,"column":45},"end":{"line":143,"column":62}},"skip":true},"10":{"name":"(anonymous_10)","line":144,"loc":{"start":{"line":144,"column":73},"end":{"line":144,"column":92}},"skip":true},"11":{"name":"(anonymous_11)","line":272,"loc":{"start":{"line":272,"column":51},"end":{"line":272,"column":77}},"skip":true},"12":{"name":"(anonymous_12)","line":315,"loc":{"start":{"line":315,"column":32},"end":{"line":315,"column":61}},"skip":true}},"statementMap":{"1":{"start":{"line":26,"column":0},"end":{"line":326,"column":5}},"2":{"start":{"line":28,"column":4},"end":{"line":28,"column":14}},"3":{"start":{"line":33,"column":4},"end":{"line":60,"column":9}},"4":{"start":{"line":35,"column":8},"end":{"line":35,"column":19}},"5":{"start":{"line":37,"column":8},"end":{"line":49,"column":13}},"6":{"start":{"line":38,"column":12},"end":{"line":48,"column":13}},"7":{"start":{"line":39,"column":16},"end":{"line":42,"column":30}},"8":{"start":{"line":44,"column":16},"end":{"line":47,"column":27}},"9":{"start":{"line":51,"column":8},"end":{"line":53,"column":21}},"10":{"start":{"line":55,"column":8},"end":{"line":57,"column":45}},"11":{"start":{"line":59,"column":8},"end":{"line":59,"column":35}},"12":{"start":{"line":61,"column":4},"end":{"line":325,"column":5}},"13":{"start":{"line":69,"column":8},"end":{"line":121,"column":10},"skip":true},"14":{"start":{"line":70,"column":12},"end":{"line":88,"column":13},"skip":true},"15":{"start":{"line":76,"column":16},"end":{"line":87,"column":19},"skip":true},"16":{"start":{"line":79,"column":20},"end":{"line":86,"column":21},"skip":true},"17":{"start":{"line":82,"column":24},"end":{"line":82,"column":43},"skip":true},"18":{"start":{"line":83,"column":24},"end":{"line":83,"column":30},"skip":true},"19":{"start":{"line":85,"column":24},"end":{"line":85,"column":49},"skip":true},"20":{"start":{"line":89,"column":12},"end":{"line":107,"column":13},"skip":true},"21":{"start":{"line":92,"column":16},"end":{"line":102,"column":17},"skip":true},"22":{"start":{"line":93,"column":20},"end":{"line":93,"column":86},"skip":true},"23":{"start":{"line":94,"column":20},"end":{"line":95,"column":45},"skip":true},"24":{"start":{"line":96,"column":20},"end":{"line":96,"column":42},"skip":true},"25":{"start":{"line":97,"column":20},"end":{"line":97,"column":48},"skip":true},"26":{"start":{"line":100,"column":20},"end":{"line":100,"column":85},"skip":true},"27":{"start":{"line":101,"column":20},"end":{"line":101,"column":96},"skip":true},"28":{"start":{"line":103,"column":16},"end":{"line":103,"column":22},"skip":true},"29":{"start":{"line":106,"column":16},"end":{"line":106,"column":22},"skip":true},"30":{"start":{"line":108,"column":12},"end":{"line":120,"column":13},"skip":true},"31":{"start":{"line":114,"column":16},"end":{"line":119,"column":17},"skip":true},"32":{"start":{"line":116,"column":20},"end":{"line":116,"column":78},"skip":true},"33":{"start":{"line":118,"column":20},"end":{"line":118,"column":47},"skip":true},"34":{"start":{"line":123,"column":8},"end":{"line":141,"column":11},"skip":true},"35":{"start":{"line":124,"column":12},"end":{"line":124,"column":54},"skip":true},"36":{"start":{"line":125,"column":12},"end":{"line":140,"column":14},"skip":true},"37":{"start":{"line":126,"column":16},"end":{"line":126,"column":28},"skip":true},"38":{"start":{"line":127,"column":16},"end":{"line":127,"column":69},"skip":true},"39":{"start":{"line":128,"column":16},"end":{"line":128,"column":75},"skip":true},"40":{"start":{"line":129,"column":16},"end":{"line":131,"column":17},"skip":true},"41":{"start":{"line":130,"column":20},"end":{"line":130,"column":27},"skip":true},"42":{"start":{"line":133,"column":16},"end":{"line":137,"column":36},"skip":true},"43":{"start":{"line":134,"column":20},"end":{"line":136,"column":55},"skip":true},"44":{"start":{"line":139,"column":16},"end":{"line":139,"column":57},"skip":true},"45":{"start":{"line":143,"column":8},"end":{"line":147,"column":11},"skip":true},"46":{"start":{"line":144,"column":12},"end":{"line":146,"column":15},"skip":true},"47":{"start":{"line":145,"column":16},"end":{"line":145,"column":70},"skip":true},"48":{"start":{"line":149,"column":8},"end":{"line":149,"column":31},"skip":true},"49":{"start":{"line":150,"column":8},"end":{"line":150,"column":14},"skip":true},"50":{"start":{"line":158,"column":8},"end":{"line":158,"column":31},"skip":true},"51":{"start":{"line":160,"column":8},"end":{"line":160,"column":33},"skip":true},"52":{"start":{"line":161,"column":8},"end":{"line":161,"column":37},"skip":true},"53":{"start":{"line":162,"column":8},"end":{"line":162,"column":35},"skip":true},"54":{"start":{"line":164,"column":8},"end":{"line":164,"column":50},"skip":true},"55":{"start":{"line":166,"column":8},"end":{"line":256,"column":2},"skip":true},"56":{"start":{"line":258,"column":8},"end":{"line":286,"column":9},"skip":true},"57":{"start":{"line":259,"column":12},"end":{"line":269,"column":14},"skip":true},"58":{"start":{"line":271,"column":12},"end":{"line":285,"column":19},"skip":true},"59":{"start":{"line":274,"column":20},"end":{"line":274,"column":35},"skip":true},"60":{"start":{"line":275,"column":20},"end":{"line":284,"column":21},"skip":true},"61":{"start":{"line":277,"column":24},"end":{"line":277,"column":64},"skip":true},"62":{"start":{"line":279,"column":24},"end":{"line":279,"column":40},"skip":true},"63":{"start":{"line":281,"column":24},"end":{"line":281,"column":40},"skip":true},"64":{"start":{"line":283,"column":24},"end":{"line":283,"column":39},"skip":true},"65":{"start":{"line":288,"column":8},"end":{"line":290,"column":9},"skip":true},"66":{"start":{"line":289,"column":12},"end":{"line":289,"column":18},"skip":true},"67":{"start":{"line":291,"column":8},"end":{"line":293,"column":54},"skip":true},"68":{"start":{"line":296,"column":8},"end":{"line":301,"column":37},"skip":true},"69":{"start":{"line":303,"column":8},"end":{"line":303,"column":82},"skip":true},"70":{"start":{"line":306,"column":8},"end":{"line":308,"column":9},"skip":true},"71":{"start":{"line":307,"column":12},"end":{"line":307,"column":82},"skip":true},"72":{"start":{"line":310,"column":8},"end":{"line":312,"column":9},"skip":true},"73":{"start":{"line":311,"column":12},"end":{"line":311,"column":18},"skip":true},"74":{"start":{"line":313,"column":8},"end":{"line":313,"column":54},"skip":true},"75":{"start":{"line":314,"column":8},"end":{"line":314,"column":69},"skip":true},"76":{"start":{"line":315,"column":8},"end":{"line":323,"column":36},"skip":true},"77":{"start":{"line":316,"column":12},"end":{"line":316,"column":61},"skip":true},"78":{"start":{"line":317,"column":12},"end":{"line":320,"column":13},"skip":true},"79":{"start":{"line":318,"column":16},"end":{"line":318,"column":75},"skip":true},"80":{"start":{"line":319,"column":16},"end":{"line":319,"column":23},"skip":true},"81":{"start":{"line":321,"column":12},"end":{"line":321,"column":38},"skip":true},"82":{"start":{"line":322,"column":12},"end":{"line":322,"column":27},"skip":true},"83":{"start":{"line":324,"column":8},"end":{"line":324,"column":14},"skip":true}},"branchMap":{"1":{"line":39,"type":"binary-expr","locations":[{"start":{"line":39,"column":23},"end":{"line":39,"column":62}},{"start":{"line":40,"column":20},"end":{"line":40,"column":70}},{"start":{"line":41,"column":20},"end":{"line":41,"column":71}},{"start":{"line":42,"column":20},"end":{"line":42,"column":29}}]},"2":{"line":44,"type":"binary-expr","locations":[{"start":{"line":44,"column":23},"end":{"line":44,"column":37}},{"start":{"line":45,"column":20},"end":{"line":45,"column":61}},{"start":{"line":46,"column":20},"end":{"line":46,"column":70}},{"start":{"line":47,"column":20},"end":{"line":47,"column":26}}]},"3":{"line":51,"type":"cond-expr","locations":[{"start":{"line":52,"column":14},"end":{"line":52,"column":20}},{"start":{"line":53,"column":14},"end":{"line":53,"column":20}}]},"4":{"line":55,"type":"binary-expr","locations":[{"start":{"line":55,"column":16},"end":{"line":55,"column":44}},{"start":{"line":55,"column":49},"end":{"line":57,"column":43}}]},"5":{"line":55,"type":"cond-expr","locations":[{"start":{"line":56,"column":14},"end":{"line":56,"column":59}},{"start":{"line":57,"column":14},"end":{"line":57,"column":43}}]},"6":{"line":61,"type":"switch","locations":[{"start":{"line":68,"column":4},"end":{"line":150,"column":14},"skip":true},{"start":{"line":156,"column":4},"end":{"line":324,"column":14},"skip":true}]},"7":{"line":70,"type":"if","locations":[{"start":{"line":70,"column":12},"end":{"line":70,"column":12},"skip":true},{"start":{"line":70,"column":12},"end":{"line":70,"column":12},"skip":true}]},"8":{"line":70,"type":"binary-expr","locations":[{"start":{"line":70,"column":16},"end":{"line":70,"column":22},"skip":true},{"start":{"line":70,"column":27},"end":{"line":70,"column":32},"skip":true},{"start":{"line":71,"column":20},"end":{"line":71,"column":39},"skip":true},{"start":{"line":72,"column":20},"end":{"line":72,"column":49},"skip":true},{"start":{"line":73,"column":20},"end":{"line":73,"column":58},"skip":true},{"start":{"line":74,"column":20},"end":{"line":74,"column":69},"skip":true}]},"9":{"line":79,"type":"switch","locations":[{"start":{"line":80,"column":20},"end":{"line":80,"column":33},"skip":true},{"start":{"line":81,"column":20},"end":{"line":83,"column":30},"skip":true},{"start":{"line":84,"column":20},"end":{"line":85,"column":49},"skip":true}]},"10":{"line":89,"type":"switch","locations":[{"start":{"line":90,"column":12},"end":{"line":103,"column":22},"skip":true},{"start":{"line":105,"column":12},"end":{"line":106,"column":22},"skip":true}]},"11":{"line":89,"type":"binary-expr","locations":[{"start":{"line":89,"column":20},"end":{"line":89,"column":25},"skip":true},{"start":{"line":89,"column":29},"end":{"line":89,"column":48},"skip":true},{"start":{"line":89,"column":52},"end":{"line":89,"column":74},"skip":true}]},"12":{"line":92,"type":"if","locations":[{"start":{"line":92,"column":16},"end":{"line":92,"column":16},"skip":true},{"start":{"line":92,"column":16},"end":{"line":92,"column":16},"skip":true}]},"13":{"line":108,"type":"if","locations":[{"start":{"line":108,"column":12},"end":{"line":108,"column":12},"skip":true},{"start":{"line":108,"column":12},"end":{"line":108,"column":12},"skip":true}]},"14":{"line":108,"type":"binary-expr","locations":[{"start":{"line":108,"column":16},"end":{"line":108,"column":61},"skip":true},{"start":{"line":108,"column":66},"end":{"line":108,"column":72},"skip":true},{"start":{"line":108,"column":77},"end":{"line":108,"column":82},"skip":true},{"start":{"line":109,"column":20},"end":{"line":109,"column":39},"skip":true},{"start":{"line":110,"column":20},"end":{"line":110,"column":49},"skip":true},{"start":{"line":111,"column":20},"end":{"line":111,"column":58},"skip":true},{"start":{"line":112,"column":20},"end":{"line":112,"column":68},"skip":true}]},"15":{"line":129,"type":"if","locations":[{"start":{"line":129,"column":16},"end":{"line":129,"column":16},"skip":true},{"start":{"line":129,"column":16},"end":{"line":129,"column":16},"skip":true}]},"16":{"line":134,"type":"cond-expr","locations":[{"start":{"line":135,"column":26},"end":{"line":135,"column":29},"skip":true},{"start":{"line":136,"column":26},"end":{"line":136,"column":54},"skip":true}]},"17":{"line":164,"type":"binary-expr","locations":[{"start":{"line":164,"column":27},"end":{"line":164,"column":43},"skip":true},{"start":{"line":164,"column":47},"end":{"line":164,"column":49},"skip":true}]},"18":{"line":258,"type":"if","locations":[{"start":{"line":258,"column":8},"end":{"line":258,"column":8},"skip":true},{"start":{"line":258,"column":8},"end":{"line":258,"column":8},"skip":true}]},"19":{"line":275,"type":"switch","locations":[{"start":{"line":276,"column":20},"end":{"line":277,"column":64},"skip":true},{"start":{"line":278,"column":20},"end":{"line":279,"column":40},"skip":true},{"start":{"line":280,"column":20},"end":{"line":281,"column":40},"skip":true},{"start":{"line":282,"column":20},"end":{"line":283,"column":39},"skip":true}]},"20":{"line":288,"type":"if","locations":[{"start":{"line":288,"column":8},"end":{"line":288,"column":8},"skip":true},{"start":{"line":288,"column":8},"end":{"line":288,"column":8},"skip":true}]},"21":{"line":288,"type":"binary-expr","locations":[{"start":{"line":288,"column":12},"end":{"line":288,"column":40},"skip":true},{"start":{"line":288,"column":44},"end":{"line":288,"column":67},"skip":true}]},"22":{"line":292,"type":"binary-expr","locations":[{"start":{"line":292,"column":12},"end":{"line":292,"column":50},"skip":true},{"start":{"line":293,"column":12},"end":{"line":293,"column":53},"skip":true}]},"23":{"line":297,"type":"binary-expr","locations":[{"start":{"line":297,"column":12},"end":{"line":297,"column":73},"skip":true},{"start":{"line":298,"column":12},"end":{"line":301,"column":36},"skip":true}]},"24":{"line":303,"type":"binary-expr","locations":[{"start":{"line":303,"column":43},"end":{"line":303,"column":75},"skip":true},{"start":{"line":303,"column":79},"end":{"line":303,"column":81},"skip":true}]},"25":{"line":306,"type":"if","locations":[{"start":{"line":306,"column":8},"end":{"line":306,"column":8},"skip":true},{"start":{"line":306,"column":8},"end":{"line":306,"column":8},"skip":true}]},"26":{"line":310,"type":"if","locations":[{"start":{"line":310,"column":8},"end":{"line":310,"column":8},"skip":true},{"start":{"line":310,"column":8},"end":{"line":310,"column":8},"skip":true}]},"27":{"line":313,"type":"binary-expr","locations":[{"start":{"line":313,"column":27},"end":{"line":313,"column":43},"skip":true},{"start":{"line":313,"column":47},"end":{"line":313,"column":53},"skip":true}]},"28":{"line":317,"type":"if","locations":[{"start":{"line":317,"column":12},"end":{"line":317,"column":12},"skip":true},{"start":{"line":317,"column":12},"end":{"line":317,"column":12},"skip":true}]}},"code":["/*","example.js","","quickstart example","","instruction","    1. save this script as example.js","    2. run the shell command:","        $ npm install npmtest-msexcel-builder && PORT=8081 node example.js","    3. play with the browser-demo on http://127.0.0.1:8081","*/","","","","/* istanbul instrument in package npmtest_msexcel_builder */","/*jslint","    bitwise: true,","    browser: true,","    maxerr: 8,","    maxlen: 96,","    node: true,","    nomen: true,","    regexp: true,","    stupid: true","*/","(function () {","    'use strict';","    var local;","","","","    // run shared js-env code - init-before","    (function () {","        // init local","        local = {};","        // init modeJs","        local.modeJs = (function () {","            try {","                return typeof navigator.userAgent === 'string' &&","                    typeof document.querySelector('body') === 'object' &&","                    typeof XMLHttpRequest.prototype.open === 'function' &&","                    'browser';","            } catch (errorCaughtBrowser) {","                return module.exports &&","                    typeof process.versions.node === 'string' &&","                    typeof require('http').createServer === 'function' &&","                    'node';","            }","        }());","        // init global","        local.global = local.modeJs === 'browser'","            ? window","            : global;","        // init utility2_rollup","        local = local.global.utility2_rollup || (local.modeJs === 'browser'","            ? local.global.utility2_npmtest_msexcel_builder","            : global.utility2_moduleExports);","        // export local","        local.global.local = local;","    }());","    switch (local.modeJs) {","","","","    // init-after","    // run browser js-env code - init-after","    /* istanbul ignore next */","    case 'browser':","        local.testRunBrowser = function (event) {","            if (!event || (event &&","                    event.currentTarget &&","                    event.currentTarget.className &&","                    event.currentTarget.className.includes &&","                    event.currentTarget.className.includes('onreset'))) {","                // reset output","                Array.from(","                    document.querySelectorAll('body > .resettable')","                ).forEach(function (element) {","                    switch (element.tagName) {","                    case 'INPUT':","                    case 'TEXTAREA':","                        element.value = '';","                        break;","                    default:","                        element.textContent = '';","                    }","                });","            }","            switch (event && event.currentTarget && event.currentTarget.id) {","            case 'testRunButton1':","                // show tests","                if (document.querySelector('#testReportDiv1').style.display === 'none') {","                    document.querySelector('#testReportDiv1').style.display = 'block';","                    document.querySelector('#testRunButton1').textContent =","                        'hide internal test';","                    local.modeTest = true;","                    local.testRunDefault(local);","                // hide tests","                } else {","                    document.querySelector('#testReportDiv1').style.display = 'none';","                    document.querySelector('#testRunButton1').textContent = 'run internal test';","                }","                break;","            // custom-case","            default:","                break;","            }","            if (document.querySelector('#inputTextareaEval1') && (!event || (event &&","                    event.currentTarget &&","                    event.currentTarget.className &&","                    event.currentTarget.className.includes &&","                    event.currentTarget.className.includes('oneval')))) {","                // try to eval input-code","                try {","                    /*jslint evil: true*/","                    eval(document.querySelector('#inputTextareaEval1').value);","                } catch (errorCaught) {","                    console.error(errorCaught);","                }","            }","        };","        // log stderr and stdout to #outputTextareaStdout1","        ['error', 'log'].forEach(function (key) {","            console[key + '_original'] = console[key];","            console[key] = function () {","                var element;","                console[key + '_original'].apply(console, arguments);","                element = document.querySelector('#outputTextareaStdout1');","                if (!element) {","                    return;","                }","                // append text to #outputTextareaStdout1","                element.value += Array.from(arguments).map(function (arg) {","                    return typeof arg === 'string'","                        ? arg","                        : JSON.stringify(arg, null, 4);","                }).join(' ') + '\\n';","                // scroll textarea to bottom","                element.scrollTop = element.scrollHeight;","            };","        });","        // init event-handling","        ['change', 'click', 'keyup'].forEach(function (event) {","            Array.from(document.querySelectorAll('.on' + event)).forEach(function (element) {","                element.addEventListener(event, local.testRunBrowser);","            });","        });","        // run tests","        local.testRunBrowser();","        break;","","","","    // run node js-env code - init-after","    /* istanbul ignore next */","    case 'node':","        // export local","        module.exports = local;","        // require modules","        local.fs = require('fs');","        local.http = require('http');","        local.url = require('url');","        // init assets","        local.assetsDict = local.assetsDict || {};","        /* jslint-ignore-begin */","        local.assetsDict['/assets.index.template.html'] = '\\","<!doctype html>\\n\\","<html lang=\"en\">\\n\\","<head>\\n\\","<meta charset=\"UTF-8\">\\n\\","<meta name=\"viewport\" content=\"width=device-width, initial-scale=1\">\\n\\","<title>{{env.npm_package_name}} (v{{env.npm_package_version}})</title>\\n\\","<style>\\n\\","/*csslint\\n\\","    box-sizing: false,\\n\\","    universal-selector: false\\n\\","*/\\n\\","* {\\n\\","    box-sizing: border-box;\\n\\","}\\n\\","body {\\n\\","    background: #dde;\\n\\","    font-family: Arial, Helvetica, sans-serif;\\n\\","    margin: 2rem;\\n\\","}\\n\\","body > * {\\n\\","    margin-bottom: 1rem;\\n\\","}\\n\\",".utility2FooterDiv {\\n\\","    margin-top: 20px;\\n\\","    text-align: center;\\n\\","}\\n\\","</style>\\n\\","<style>\\n\\","/*csslint\\n\\","*/\\n\\","textarea {\\n\\","    font-family: monospace;\\n\\","    height: 10rem;\\n\\","    width: 100%;\\n\\","}\\n\\","textarea[readonly] {\\n\\","    background: #ddd;\\n\\","}\\n\\","</style>\\n\\","</head>\\n\\","<body>\\n\\","<!-- utility2-comment\\n\\","<div id=\"ajaxProgressDiv1\" style=\"background: #d00; height: 2px; left: 0; margin: 0; padding: 0; position: fixed; top: 0; transition: background 0.5s, width 1.5s; width: 25%;\"></div>\\n\\","utility2-comment -->\\n\\","<h1>\\n\\","<!-- utility2-comment\\n\\","    <a\\n\\","        {{#if env.npm_package_homepage}}\\n\\","        href=\"{{env.npm_package_homepage}}\"\\n\\","        {{/if env.npm_package_homepage}}\\n\\","        target=\"_blank\"\\n\\","    >\\n\\","utility2-comment -->\\n\\","        {{env.npm_package_name}} (v{{env.npm_package_version}})\\n\\","<!-- utility2-comment\\n\\","    </a>\\n\\","utility2-comment -->\\n\\","</h1>\\n\\","<h3>{{env.npm_package_description}}</h3>\\n\\","<!-- utility2-comment\\n\\","<h4><a download href=\"assets.app.js\">download standalone app</a></h4>\\n\\","<button class=\"onclick onreset\" id=\"testRunButton1\">run internal test</button><br>\\n\\","<div id=\"testReportDiv1\" style=\"display: none;\"></div>\\n\\","utility2-comment -->\\n\\","\\n\\","\\n\\","\\n\\","<label>stderr and stdout</label>\\n\\","<textarea class=\"resettable\" id=\"outputTextareaStdout1\" readonly></textarea>\\n\\","<!-- utility2-comment\\n\\","{{#if isRollup}}\\n\\","<script src=\"assets.app.js\"></script>\\n\\","{{#unless isRollup}}\\n\\","utility2-comment -->\\n\\","<script src=\"assets.utility2.rollup.js\"></script>\\n\\","<script src=\"jsonp.utility2._stateInit?callback=window.utility2._stateInit\"></script>\\n\\","<script src=\"assets.npmtest_msexcel_builder.rollup.js\"></script>\\n\\","<script src=\"assets.example.js\"></script>\\n\\","<script src=\"assets.test.js\"></script>\\n\\","<!-- utility2-comment\\n\\","{{/if isRollup}}\\n\\","utility2-comment -->\\n\\","<div class=\"utility2FooterDiv\">\\n\\","    [ this app was created with\\n\\","    <a href=\"https://github.com/kaizhu256/node-utility2\" target=\"_blank\">utility2</a>\\n\\","    ]\\n\\","</div>\\n\\","</body>\\n\\","</html>\\n\\","';","        /* jslint-ignore-end */","        if (local.templateRender) {","            local.assetsDict['/'] = local.templateRender(","                local.assetsDict['/assets.index.template.html'],","                {","                    env: local.objectSetDefault(local.env, {","                        npm_package_description: 'the greatest app in the world!',","                        npm_package_name: 'my-app',","                        npm_package_nameAlias: 'my_app',","                        npm_package_version: '0.0.1'","                    })","                }","            );","        } else {","            local.assetsDict['/'] = local.assetsDict['/assets.index.template.html']","                .replace((/\\{\\{env\\.(\\w+?)\\}\\}/g), function (match0, match1) {","                    // jslint-hack","                    String(match0);","                    switch (match1) {","                    case 'npm_package_description':","                        return 'the greatest app in the world!';","                    case 'npm_package_name':","                        return 'my-app';","                    case 'npm_package_nameAlias':","                        return 'my_app';","                    case 'npm_package_version':","                        return '0.0.1';","                    }","                });","        }","        // run the cli","        if (local.global.utility2_rollup || module !== require.main) {","            break;","        }","        local.assetsDict['/assets.example.js'] =","            local.assetsDict['/assets.example.js'] ||","            local.fs.readFileSync(__filename, 'utf8');","        // bug-workaround - long $npm_package_buildCustomOrg","        /* jslint-ignore-begin */","        local.assetsDict['/assets.npmtest_msexcel_builder.rollup.js'] =","            local.assetsDict['/assets.npmtest_msexcel_builder.rollup.js'] ||","            local.fs.readFileSync(","                local.npmtest_msexcel_builder.__dirname + '/lib.npmtest_msexcel_builder.js',","                'utf8'","            ).replace((/^#!/), '//');","        /* jslint-ignore-end */","        local.assetsDict['/favicon.ico'] = local.assetsDict['/favicon.ico'] || '';","        // if $npm_config_timeout_exit exists,","        // then exit this process after $npm_config_timeout_exit ms","        if (Number(process.env.npm_config_timeout_exit)) {","            setTimeout(process.exit, Number(process.env.npm_config_timeout_exit));","        }","        // start server","        if (local.global.utility2_serverHttp1) {","            break;","        }","        process.env.PORT = process.env.PORT || '8081';","        console.error('server starting on port ' + process.env.PORT);","        local.http.createServer(function (request, response) {","            request.urlParsed = local.url.parse(request.url);","            if (local.assetsDict[request.urlParsed.pathname] !== undefined) {","                response.end(local.assetsDict[request.urlParsed.pathname]);","                return;","            }","            response.statusCode = 404;","            response.end();","        }).listen(process.env.PORT);","        break;","    }","}());",""],"l":{"26":2,"28":2,"33":2,"35":2,"37":2,"38":2,"39":2,"44":1,"51":2,"55":2,"59":2,"61":2,"69":1,"70":2,"76":2,"79":2,"82":2,"83":2,"85":1,"89":2,"92":1,"93":1,"94":1,"96":1,"97":1,"100":1,"101":1,"103":1,"106":1,"108":2,"114":1,"116":1,"118":1,"123":1,"124":2,"125":2,"126":3,"127":3,"128":3,"129":3,"130":1,"133":3,"134":3,"139":3,"143":1,"144":3,"145":1,"149":1,"150":1,"158":1,"160":1,"161":1,"162":1,"164":1,"166":1,"258":1,"259":1,"271":1,"274":6,"275":6,"277":1,"279":2,"281":1,"283":2,"288":1,"289":1,"291":1,"296":1,"303":1,"306":1,"307":1,"310":1,"311":1,"313":1,"314":1,"315":1,"316":1,"317":1,"318":1,"319":1,"321":1,"322":1,"324":1}},"/home/travis/build/npmtest/node-npmtest-msexcel-builder/node_modules/msexcel-builder/lib/msexcel-builder.js":{"path":"/home/travis/build/npmtest/node-npmtest-msexcel-builder/node_modules/msexcel-builder/lib/msexcel-builder.js","s":{"1":1,"2":0,"3":0,"4":1,"5":1,"6":1,"7":1,"8":1,"9":1,"10":1,"11":1,"12":0,"13":1,"14":0,"15":0,"16":0,"17":0,"18":0,"19":0,"20":0,"21":0,"22":0,"23":0,"24":0,"25":0,"26":0,"27":0,"28":0,"29":0,"30":0,"31":0,"32":0,"33":0,"34":0,"35":0,"36":0,"37":1,"38":1,"39":1,"40":0,"41":1,"42":0,"43":0,"44":0,"45":0,"46":0,"47":0,"48":0,"49":0,"50":0,"51":0,"52":0,"53":0,"54":0,"55":0,"56":1,"57":1,"58":1,"59":0,"60":1,"61":0,"62":0,"63":0,"64":0,"65":0,"66":0,"67":0,"68":0,"69":0,"70":0,"71":0,"72":0,"73":0,"74":0,"75":0,"76":0,"77":0,"78":0,"79":0,"80":1,"81":1,"82":1,"83":0,"84":1,"85":0,"86":0,"87":0,"88":0,"89":0,"90":0,"91":0,"92":0,"93":0,"94":0,"95":0,"96":0,"97":1,"98":1,"99":1,"100":0,"101":1,"102":0,"103":0,"104":0,"105":0,"106":0,"107":0,"108":0,"109":0,"110":0,"111":1,"112":1,"113":1,"114":0,"115":0,"116":1,"117":0,"118":0,"119":0,"120":0,"121":0,"122":0,"123":0,"124":1,"125":0,"126":0,"127":0,"128":0,"129":0,"130":0,"131":0,"132":0,"133":0,"134":0,"135":1,"136":1,"137":1,"138":0,"139":0,"140":0,"141":0,"142":0,"143":0,"144":0,"145":0,"146":0,"147":0,"148":0,"149":0,"150":0,"151":0,"152":1,"153":0,"154":0,"155":1,"156":0,"157":1,"158":0,"159":1,"160":0,"161":1,"162":0,"163":1,"164":0,"165":1,"166":0,"167":1,"168":0,"169":1,"170":0,"171":1,"172":0,"173":1,"174":0,"175":1,"176":0,"177":0,"178":0,"179":0,"180":0,"181":1,"182":0,"183":0,"184":0,"185":0,"186":0,"187":0,"188":0,"189":0,"190":0,"191":0,"192":0,"193":0,"194":0,"195":0,"196":0,"197":0,"198":0,"199":0,"200":0,"201":0,"202":0,"203":0,"204":0,"205":0,"206":0,"207":0,"208":0,"209":0,"210":0,"211":0,"212":0,"213":0,"214":0,"215":0,"216":0,"217":0,"218":0,"219":0,"220":0,"221":0,"222":1,"223":1,"224":1,"225":0,"226":0,"227":0,"228":0,"229":0,"230":0,"231":0,"232":1,"233":0,"234":0,"235":0,"236":0,"237":0,"238":0,"239":0,"240":0,"241":1,"242":0,"243":0,"244":0,"245":0,"246":0,"247":0,"248":0,"249":0,"250":0,"251":0,"252":0,"253":0,"254":0,"255":0,"256":0,"257":0,"258":1,"259":0,"260":0,"261":0,"262":0,"263":0,"264":0,"265":0,"266":0,"267":0,"268":0,"269":0,"270":0,"271":1,"272":0,"273":0,"274":0,"275":0,"276":0,"277":0,"278":0,"279":0,"280":0,"281":0,"282":0,"283":0,"284":0,"285":1,"286":0,"287":0,"288":0,"289":0,"290":0,"291":0,"292":0,"293":0,"294":0,"295":0,"296":0,"297":0,"298":0,"299":0,"300":0,"301":1,"302":0,"303":0,"304":0,"305":0,"306":0,"307":0,"308":0,"309":0,"310":0,"311":0,"312":0,"313":0,"314":0,"315":0,"316":0,"317":0,"318":0,"319":0,"320":0,"321":0,"322":0,"323":0,"324":0,"325":0,"326":0,"327":0,"328":0,"329":0,"330":0,"331":0,"332":0,"333":0,"334":0,"335":0,"336":0,"337":0,"338":0,"339":0,"340":0,"341":0,"342":0,"343":0,"344":0,"345":0,"346":0,"347":0,"348":0,"349":0,"350":0,"351":0,"352":0,"353":0,"354":0,"355":0,"356":0,"357":0,"358":0,"359":0,"360":0,"361":0,"362":0,"363":0,"364":0,"365":0,"366":0,"367":0,"368":0,"369":0,"370":0,"371":1,"372":1,"373":1,"374":0,"375":0,"376":0,"377":0,"378":0,"379":0,"380":0,"381":0,"382":0,"383":0,"384":0,"385":0,"386":0,"387":0,"388":0,"389":1,"390":0,"391":0,"392":0,"393":0,"394":1,"395":0,"396":0,"397":0,"398":0,"399":0,"400":0,"401":0,"402":0,"403":0,"404":0,"405":0,"406":0,"407":0,"408":0,"409":0,"410":0,"411":1,"412":0,"413":1,"414":1,"415":0},"b":{"1":[1,0],"2":[0,0],"3":[0,0],"4":[0,0],"5":[0,0],"6":[0,0],"7":[0,0],"8":[0,0],"9":[0,0],"10":[0,0],"11":[0,0],"12":[0,0],"13":[0,0],"14":[0,0],"15":[0,0],"16":[0,0],"17":[0,0],"18":[0,0],"19":[0,0],"20":[0,0],"21":[0,0],"22":[0,0],"23":[0,0],"24":[0,0],"25":[0,0],"26":[0,0],"27":[0,0],"28":[0,0],"29":[0,0],"30":[0,0],"31":[0,0],"32":[0,0],"33":[0,0],"34":[0,0],"35":[0,0],"36":[0,0],"37":[0,0],"38":[0,0],"39":[0,0],"40":[0,0],"41":[0,0],"42":[0,0],"43":[0,0],"44":[0,0],"45":[0,0],"46":[0,0],"47":[0,0],"48":[0,0],"49":[0,0],"50":[0,0],"51":[0,0],"52":[0,0],"53":[0,0],"54":[0,0],"55":[0,0],"56":[0,0],"57":[0,0],"58":[0,0],"59":[0,0],"60":[0,0],"61":[0,0],"62":[0,0],"63":[0,0],"64":[0,0],"65":[0,0],"66":[0,0],"67":[0,0],"68":[0,0],"69":[0,0],"70":[0,0],"71":[0,0],"72":[0,0],"73":[0,0],"74":[0,0],"75":[0,0],"76":[0,0],"77":[0,0],"78":[0,0],"79":[0,0],"80":[0,0],"81":[0,0,0,0],"82":[0,0],"83":[0,0],"84":[0,0],"85":[0,0],"86":[0,0],"87":[0,0],"88":[0,0],"89":[0,0]},"f":{"1":0,"2":0,"3":0,"4":0,"5":0,"6":1,"7":0,"8":0,"9":1,"10":0,"11":0,"12":1,"13":0,"14":0,"15":1,"16":0,"17":0,"18":1,"19":0,"20":0,"21":0,"22":1,"23":0,"24":0,"25":0,"26":0,"27":0,"28":0,"29":0,"30":0,"31":0,"32":0,"33":0,"34":0,"35":0,"36":0,"37":1,"38":0,"39":0,"40":0,"41":0,"42":0,"43":0,"44":0,"45":1,"46":0,"47":0,"48":0,"49":0,"50":0,"51":0,"52":0,"53":0,"54":0,"55":0,"56":0},"fnMap":{"1":{"name":"(anonymous_1)","line":7,"loc":{"start":{"line":7,"column":11},"end":{"line":7,"column":27}}},"2":{"name":"(anonymous_2)","line":7,"loc":{"start":{"line":7,"column":36},"end":{"line":7,"column":46}}},"3":{"name":"(anonymous_3)","line":24,"loc":{"start":{"line":24,"column":7},"end":{"line":24,"column":19}}},"4":{"name":"getCellAdr","line":28,"loc":{"start":{"line":28,"column":8},"end":{"line":28,"column":32}}},"5":{"name":"(anonymous_5)","line":42,"loc":{"start":{"line":42,"column":8},"end":{"line":42,"column":33}}},"6":{"name":"(anonymous_6)","line":74,"loc":{"start":{"line":74,"column":16},"end":{"line":74,"column":27}}},"7":{"name":"ContentTypes","line":76,"loc":{"start":{"line":76,"column":2},"end":{"line":76,"column":30}}},"8":{"name":"(anonymous_8)","line":80,"loc":{"start":{"line":80,"column":33},"end":{"line":80,"column":44}}},"9":{"name":"(anonymous_9)","line":133,"loc":{"start":{"line":133,"column":15},"end":{"line":133,"column":26}}},"10":{"name":"DocPropsApp","line":135,"loc":{"start":{"line":135,"column":2},"end":{"line":135,"column":29}}},"11":{"name":"(anonymous_11)","line":139,"loc":{"start":{"line":139,"column":32},"end":{"line":139,"column":43}}},"12":{"name":"(anonymous_12)","line":176,"loc":{"start":{"line":176,"column":14},"end":{"line":176,"column":25}}},"13":{"name":"XlWorkbook","line":178,"loc":{"start":{"line":178,"column":2},"end":{"line":178,"column":28}}},"14":{"name":"(anonymous_14)","line":182,"loc":{"start":{"line":182,"column":31},"end":{"line":182,"column":42}}},"15":{"name":"(anonymous_15)","line":225,"loc":{"start":{"line":225,"column":10},"end":{"line":225,"column":21}}},"16":{"name":"XlRels","line":227,"loc":{"start":{"line":227,"column":2},"end":{"line":227,"column":24}}},"17":{"name":"(anonymous_17)","line":231,"loc":{"start":{"line":231,"column":27},"end":{"line":231,"column":38}}},"18":{"name":"(anonymous_18)","line":268,"loc":{"start":{"line":268,"column":17},"end":{"line":268,"column":28}}},"19":{"name":"SharedStrings","line":270,"loc":{"start":{"line":270,"column":2},"end":{"line":270,"column":27}}},"20":{"name":"(anonymous_20)","line":275,"loc":{"start":{"line":275,"column":35},"end":{"line":275,"column":47}}},"21":{"name":"(anonymous_21)","line":287,"loc":{"start":{"line":287,"column":34},"end":{"line":287,"column":45}}},"22":{"name":"(anonymous_22)","line":312,"loc":{"start":{"line":312,"column":9},"end":{"line":312,"column":20}}},"23":{"name":"Sheet","line":314,"loc":{"start":{"line":314,"column":2},"end":{"line":314,"column":41}}},"24":{"name":"(anonymous_24)","line":335,"loc":{"start":{"line":335,"column":24},"end":{"line":335,"column":48}}},"25":{"name":"(anonymous_25)","line":341,"loc":{"start":{"line":341,"column":26},"end":{"line":341,"column":55}}},"26":{"name":"(anonymous_26)","line":348,"loc":{"start":{"line":348,"column":26},"end":{"line":348,"column":44}}},"27":{"name":"(anonymous_27)","line":355,"loc":{"start":{"line":355,"column":27},"end":{"line":355,"column":45}}},"28":{"name":"(anonymous_28)","line":359,"loc":{"start":{"line":359,"column":25},"end":{"line":359,"column":52}}},"29":{"name":"(anonymous_29)","line":363,"loc":{"start":{"line":363,"column":25},"end":{"line":363,"column":52}}},"30":{"name":"(anonymous_30)","line":367,"loc":{"start":{"line":367,"column":27},"end":{"line":367,"column":54}}},"31":{"name":"(anonymous_31)","line":371,"loc":{"start":{"line":371,"column":26},"end":{"line":371,"column":54}}},"32":{"name":"(anonymous_32)","line":375,"loc":{"start":{"line":375,"column":27},"end":{"line":375,"column":56}}},"33":{"name":"(anonymous_33)","line":379,"loc":{"start":{"line":379,"column":27},"end":{"line":379,"column":60}}},"34":{"name":"(anonymous_34)","line":383,"loc":{"start":{"line":383,"column":25},"end":{"line":383,"column":52}}},"35":{"name":"(anonymous_35)","line":387,"loc":{"start":{"line":387,"column":29},"end":{"line":387,"column":48}}},"36":{"name":"(anonymous_36)","line":403,"loc":{"start":{"line":403,"column":26},"end":{"line":403,"column":37}}},"37":{"name":"(anonymous_37)","line":497,"loc":{"start":{"line":497,"column":9},"end":{"line":497,"column":20}}},"38":{"name":"Style","line":499,"loc":{"start":{"line":499,"column":2},"end":{"line":499,"column":23}}},"39":{"name":"(anonymous_39)","line":509,"loc":{"start":{"line":509,"column":33},"end":{"line":509,"column":44}}},"40":{"name":"(anonymous_40)","line":527,"loc":{"start":{"line":527,"column":28},"end":{"line":527,"column":43}}},"41":{"name":"(anonymous_41)","line":548,"loc":{"start":{"line":548,"column":28},"end":{"line":548,"column":43}}},"42":{"name":"(anonymous_42)","line":565,"loc":{"start":{"line":565,"column":28},"end":{"line":565,"column":43}}},"43":{"name":"(anonymous_43)","line":583,"loc":{"start":{"line":583,"column":29},"end":{"line":583,"column":45}}},"44":{"name":"(anonymous_44)","line":603,"loc":{"start":{"line":603,"column":26},"end":{"line":603,"column":37}}},"45":{"name":"(anonymous_45)","line":768,"loc":{"start":{"line":768,"column":12},"end":{"line":768,"column":23}}},"46":{"name":"Workbook","line":770,"loc":{"start":{"line":770,"column":2},"end":{"line":770,"column":34}}},"47":{"name":"(anonymous_47)","line":787,"loc":{"start":{"line":787,"column":35},"end":{"line":787,"column":62}}},"48":{"name":"(anonymous_48)","line":794,"loc":{"start":{"line":794,"column":28},"end":{"line":794,"column":41}}},"49":{"name":"(anonymous_49)","line":813,"loc":{"start":{"line":813,"column":6},"end":{"line":813,"column":19}}},"50":{"name":"(anonymous_50)","line":814,"loc":{"start":{"line":814,"column":33},"end":{"line":814,"column":60}}},"51":{"name":"(anonymous_51)","line":816,"loc":{"start":{"line":816,"column":11},"end":{"line":816,"column":25}}},"52":{"name":"(anonymous_52)","line":820,"loc":{"start":{"line":820,"column":7},"end":{"line":820,"column":21}}},"53":{"name":"(anonymous_53)","line":825,"loc":{"start":{"line":825,"column":33},"end":{"line":825,"column":43}}},"54":{"name":"(anonymous_54)","line":827,"loc":{"start":{"line":827,"column":26},"end":{"line":827,"column":37}}},"55":{"name":"(anonymous_55)","line":834,"loc":{"start":{"line":834,"column":30},"end":{"line":834,"column":41}}},"56":{"name":"(anonymous_56)","line":843,"loc":{"start":{"line":843,"column":18},"end":{"line":843,"column":41}}}},"statementMap":{"1":{"start":{"line":6,"column":0},"end":{"line":7,"column":85}},"2":{"start":{"line":7,"column":29},"end":{"line":7,"column":82}},"3":{"start":{"line":7,"column":48},"end":{"line":7,"column":79}},"4":{"start":{"line":9,"column":0},"end":{"line":9,"column":25}},"5":{"start":{"line":11,"column":0},"end":{"line":11,"column":23}},"6":{"start":{"line":13,"column":0},"end":{"line":13,"column":32}},"7":{"start":{"line":15,"column":0},"end":{"line":15,"column":28}},"8":{"start":{"line":17,"column":0},"end":{"line":17,"column":42}},"9":{"start":{"line":19,"column":0},"end":{"line":19,"column":29}},"10":{"start":{"line":21,"column":0},"end":{"line":21,"column":50}},"11":{"start":{"line":23,"column":0},"end":{"line":68,"column":2}},"12":{"start":{"line":25,"column":4},"end":{"line":26,"column":30}},"13":{"start":{"line":28,"column":8},"end":{"line":39,"column":9}},"14":{"start":{"line":29,"column":10},"end":{"line":33,"column":48}},"15":{"start":{"line":35,"column":10},"end":{"line":37,"column":11}},"16":{"start":{"line":36,"column":12},"end":{"line":36,"column":46}},"17":{"start":{"line":38,"column":10},"end":{"line":38,"column":24}},"18":{"start":{"line":40,"column":4},"end":{"line":40,"column":25}},"19":{"start":{"line":43,"column":4},"end":{"line":43,"column":52}},"20":{"start":{"line":44,"column":4},"end":{"line":66,"column":5}},"21":{"start":{"line":45,"column":6},"end":{"line":45,"column":58}},"22":{"start":{"line":45,"column":31},"end":{"line":45,"column":58}},"23":{"start":{"line":46,"column":6},"end":{"line":46,"column":37}},"24":{"start":{"line":47,"column":6},"end":{"line":65,"column":7}},"25":{"start":{"line":48,"column":8},"end":{"line":48,"column":22}},"26":{"start":{"line":49,"column":8},"end":{"line":63,"column":9}},"27":{"start":{"line":50,"column":10},"end":{"line":50,"column":24}},"28":{"start":{"line":51,"column":10},"end":{"line":51,"column":34}},"29":{"start":{"line":52,"column":10},"end":{"line":52,"column":34}},"30":{"start":{"line":53,"column":10},"end":{"line":53,"column":32}},"31":{"start":{"line":54,"column":10},"end":{"line":62,"column":11}},"32":{"start":{"line":55,"column":12},"end":{"line":55,"column":81}},"33":{"start":{"line":57,"column":12},"end":{"line":61,"column":13}},"34":{"start":{"line":58,"column":14},"end":{"line":58,"column":51}},"35":{"start":{"line":60,"column":14},"end":{"line":60,"column":36}},"36":{"start":{"line":64,"column":8},"end":{"line":64,"column":24}},"37":{"start":{"line":70,"column":0},"end":{"line":72,"column":2}},"38":{"start":{"line":74,"column":0},"end":{"line":131,"column":5}},"39":{"start":{"line":76,"column":2},"end":{"line":78,"column":3}},"40":{"start":{"line":77,"column":4},"end":{"line":77,"column":21}},"41":{"start":{"line":80,"column":2},"end":{"line":127,"column":4}},"42":{"start":{"line":81,"column":4},"end":{"line":81,"column":23}},"43":{"start":{"line":82,"column":4},"end":{"line":86,"column":7}},"44":{"start":{"line":87,"column":4},"end":{"line":87,"column":87}},"45":{"start":{"line":88,"column":4},"end":{"line":91,"column":7}},"46":{"start":{"line":92,"column":4},"end":{"line":95,"column":7}},"47":{"start":{"line":96,"column":4},"end":{"line":99,"column":7}},"48":{"start":{"line":100,"column":4},"end":{"line":103,"column":7}},"49":{"start":{"line":104,"column":4},"end":{"line":107,"column":7}},"50":{"start":{"line":108,"column":4},"end":{"line":111,"column":7}},"51":{"start":{"line":112,"column":4},"end":{"line":117,"column":5}},"52":{"start":{"line":113,"column":6},"end":{"line":116,"column":9}},"53":{"start":{"line":118,"column":4},"end":{"line":121,"column":7}},"54":{"start":{"line":122,"column":4},"end":{"line":125,"column":7}},"55":{"start":{"line":126,"column":4},"end":{"line":126,"column":23}},"56":{"start":{"line":129,"column":2},"end":{"line":129,"column":22}},"57":{"start":{"line":133,"column":0},"end":{"line":174,"column":5}},"58":{"start":{"line":135,"column":2},"end":{"line":137,"column":3}},"59":{"start":{"line":136,"column":4},"end":{"line":136,"column":21}},"60":{"start":{"line":139,"column":2},"end":{"line":170,"column":4}},"61":{"start":{"line":140,"column":4},"end":{"line":140,"column":28}},"62":{"start":{"line":141,"column":4},"end":{"line":145,"column":7}},"63":{"start":{"line":146,"column":4},"end":{"line":146,"column":100}},"64":{"start":{"line":147,"column":4},"end":{"line":147,"column":98}},"65":{"start":{"line":148,"column":4},"end":{"line":148,"column":48}},"66":{"start":{"line":149,"column":4},"end":{"line":149,"column":34}},"67":{"start":{"line":150,"column":4},"end":{"line":150,"column":36}},"68":{"start":{"line":151,"column":4},"end":{"line":154,"column":7}},"69":{"start":{"line":155,"column":4},"end":{"line":155,"column":49}},"70":{"start":{"line":156,"column":4},"end":{"line":156,"column":69}},"71":{"start":{"line":157,"column":4},"end":{"line":160,"column":7}},"72":{"start":{"line":161,"column":4},"end":{"line":163,"column":5}},"73":{"start":{"line":162,"column":6},"end":{"line":162,"column":56}},"74":{"start":{"line":164,"column":4},"end":{"line":164,"column":25}},"75":{"start":{"line":165,"column":4},"end":{"line":165,"column":40}},"76":{"start":{"line":166,"column":4},"end":{"line":166,"column":36}},"77":{"start":{"line":167,"column":4},"end":{"line":167,"column":44}},"78":{"start":{"line":168,"column":4},"end":{"line":168,"column":39}},"79":{"start":{"line":169,"column":4},"end":{"line":169,"column":23}},"80":{"start":{"line":172,"column":2},"end":{"line":172,"column":21}},"81":{"start":{"line":176,"column":0},"end":{"line":223,"column":5}},"82":{"start":{"line":178,"column":2},"end":{"line":180,"column":3}},"83":{"start":{"line":179,"column":4},"end":{"line":179,"column":21}},"84":{"start":{"line":182,"column":2},"end":{"line":219,"column":4}},"85":{"start":{"line":183,"column":4},"end":{"line":183,"column":25}},"86":{"start":{"line":184,"column":4},"end":{"line":188,"column":7}},"87":{"start":{"line":189,"column":4},"end":{"line":189,"column":81}},"88":{"start":{"line":190,"column":4},"end":{"line":190,"column":93}},"89":{"start":{"line":191,"column":4},"end":{"line":196,"column":7}},"90":{"start":{"line":197,"column":4},"end":{"line":200,"column":7}},"91":{"start":{"line":201,"column":4},"end":{"line":206,"column":7}},"92":{"start":{"line":207,"column":4},"end":{"line":207,"column":27}},"93":{"start":{"line":208,"column":4},"end":{"line":214,"column":5}},"94":{"start":{"line":209,"column":6},"end":{"line":213,"column":9}},"95":{"start":{"line":215,"column":4},"end":{"line":217,"column":7}},"96":{"start":{"line":218,"column":4},"end":{"line":218,"column":20}},"97":{"start":{"line":221,"column":2},"end":{"line":221,"column":20}},"98":{"start":{"line":225,"column":0},"end":{"line":266,"column":5}},"99":{"start":{"line":227,"column":2},"end":{"line":229,"column":3}},"100":{"start":{"line":228,"column":4},"end":{"line":228,"column":21}},"101":{"start":{"line":231,"column":2},"end":{"line":262,"column":4}},"102":{"start":{"line":232,"column":4},"end":{"line":232,"column":20}},"103":{"start":{"line":233,"column":4},"end":{"line":237,"column":7}},"104":{"start":{"line":238,"column":4},"end":{"line":238,"column":84}},"105":{"start":{"line":239,"column":4},"end":{"line":245,"column":5}},"106":{"start":{"line":240,"column":6},"end":{"line":244,"column":9}},"107":{"start":{"line":246,"column":4},"end":{"line":250,"column":7}},"108":{"start":{"line":251,"column":4},"end":{"line":255,"column":7}},"109":{"start":{"line":256,"column":4},"end":{"line":260,"column":7}},"110":{"start":{"line":261,"column":4},"end":{"line":261,"column":20}},"111":{"start":{"line":264,"column":2},"end":{"line":264,"column":16}},"112":{"start":{"line":268,"column":0},"end":{"line":310,"column":5}},"113":{"start":{"line":270,"column":2},"end":{"line":273,"column":3}},"114":{"start":{"line":271,"column":4},"end":{"line":271,"column":20}},"115":{"start":{"line":272,"column":4},"end":{"line":272,"column":18}},"116":{"start":{"line":275,"column":2},"end":{"line":285,"column":4}},"117":{"start":{"line":276,"column":4},"end":{"line":276,"column":11}},"118":{"start":{"line":277,"column":4},"end":{"line":277,"column":23}},"119":{"start":{"line":278,"column":4},"end":{"line":284,"column":5}},"120":{"start":{"line":279,"column":6},"end":{"line":279,"column":16}},"121":{"start":{"line":281,"column":6},"end":{"line":281,"column":23}},"122":{"start":{"line":282,"column":6},"end":{"line":282,"column":38}},"123":{"start":{"line":283,"column":6},"end":{"line":283,"column":29}},"124":{"start":{"line":287,"column":2},"end":{"line":306,"column":4}},"125":{"start":{"line":288,"column":4},"end":{"line":288,"column":25}},"126":{"start":{"line":289,"column":4},"end":{"line":293,"column":7}},"127":{"start":{"line":294,"column":4},"end":{"line":294,"column":82}},"128":{"start":{"line":295,"column":4},"end":{"line":295,"column":43}},"129":{"start":{"line":296,"column":4},"end":{"line":296,"column":49}},"130":{"start":{"line":297,"column":4},"end":{"line":304,"column":5}},"131":{"start":{"line":298,"column":6},"end":{"line":298,"column":25}},"132":{"start":{"line":299,"column":6},"end":{"line":299,"column":31}},"133":{"start":{"line":300,"column":6},"end":{"line":303,"column":9}},"134":{"start":{"line":305,"column":4},"end":{"line":305,"column":21}},"135":{"start":{"line":308,"column":2},"end":{"line":308,"column":23}},"136":{"start":{"line":312,"column":0},"end":{"line":495,"column":5}},"137":{"start":{"line":314,"column":2},"end":{"line":333,"column":3}},"138":{"start":{"line":315,"column":4},"end":{"line":315,"column":26}},"139":{"start":{"line":316,"column":4},"end":{"line":316,"column":21}},"140":{"start":{"line":317,"column":4},"end":{"line":317,"column":21}},"141":{"start":{"line":318,"column":4},"end":{"line":318,"column":21}},"142":{"start":{"line":319,"column":4},"end":{"line":319,"column":21}},"143":{"start":{"line":320,"column":4},"end":{"line":320,"column":19}},"144":{"start":{"line":321,"column":4},"end":{"line":328,"column":5}},"145":{"start":{"line":322,"column":6},"end":{"line":322,"column":24}},"146":{"start":{"line":323,"column":6},"end":{"line":327,"column":7}},"147":{"start":{"line":324,"column":8},"end":{"line":326,"column":10}},"148":{"start":{"line":329,"column":4},"end":{"line":329,"column":21}},"149":{"start":{"line":330,"column":4},"end":{"line":330,"column":21}},"150":{"start":{"line":331,"column":4},"end":{"line":331,"column":21}},"151":{"start":{"line":332,"column":4},"end":{"line":332,"column":21}},"152":{"start":{"line":335,"column":2},"end":{"line":339,"column":4}},"153":{"start":{"line":336,"column":4},"end":{"line":338,"column":5}},"154":{"start":{"line":337,"column":6},"end":{"line":337,"column":67}},"155":{"start":{"line":341,"column":2},"end":{"line":346,"column":4}},"156":{"start":{"line":342,"column":4},"end":{"line":345,"column":7}},"157":{"start":{"line":348,"column":2},"end":{"line":353,"column":4}},"158":{"start":{"line":349,"column":4},"end":{"line":352,"column":7}},"159":{"start":{"line":355,"column":2},"end":{"line":357,"column":4}},"160":{"start":{"line":356,"column":4},"end":{"line":356,"column":33}},"161":{"start":{"line":359,"column":2},"end":{"line":361,"column":4}},"162":{"start":{"line":360,"column":4},"end":{"line":360,"column":81}},"163":{"start":{"line":363,"column":2},"end":{"line":365,"column":4}},"164":{"start":{"line":364,"column":4},"end":{"line":364,"column":81}},"165":{"start":{"line":367,"column":2},"end":{"line":369,"column":4}},"166":{"start":{"line":368,"column":4},"end":{"line":368,"column":81}},"167":{"start":{"line":371,"column":2},"end":{"line":373,"column":4}},"168":{"start":{"line":372,"column":4},"end":{"line":372,"column":60}},"169":{"start":{"line":375,"column":2},"end":{"line":377,"column":4}},"170":{"start":{"line":376,"column":4},"end":{"line":376,"column":62}},"171":{"start":{"line":379,"column":2},"end":{"line":381,"column":4}},"172":{"start":{"line":380,"column":4},"end":{"line":380,"column":67}},"173":{"start":{"line":383,"column":2},"end":{"line":385,"column":4}},"174":{"start":{"line":384,"column":4},"end":{"line":384,"column":59}},"175":{"start":{"line":387,"column":2},"end":{"line":401,"column":4}},"176":{"start":{"line":388,"column":4},"end":{"line":388,"column":23}},"177":{"start":{"line":389,"column":4},"end":{"line":389,"column":32}},"178":{"start":{"line":390,"column":4},"end":{"line":398,"column":6}},"179":{"start":{"line":399,"column":4},"end":{"line":399,"column":38}},"180":{"start":{"line":400,"column":4},"end":{"line":400,"column":14}},"181":{"start":{"line":403,"column":2},"end":{"line":491,"column":4}},"182":{"start":{"line":404,"column":4},"end":{"line":404,"column":105}},"183":{"start":{"line":405,"column":4},"end":{"line":409,"column":7}},"184":{"start":{"line":410,"column":4},"end":{"line":410,"column":81}},"185":{"start":{"line":411,"column":4},"end":{"line":411,"column":93}},"186":{"start":{"line":412,"column":4},"end":{"line":414,"column":7}},"187":{"start":{"line":415,"column":4},"end":{"line":417,"column":7}},"188":{"start":{"line":418,"column":4},"end":{"line":420,"column":7}},"189":{"start":{"line":421,"column":4},"end":{"line":433,"column":5}},"190":{"start":{"line":422,"column":6},"end":{"line":422,"column":28}},"191":{"start":{"line":423,"column":6},"end":{"line":423,"column":25}},"192":{"start":{"line":424,"column":6},"end":{"line":432,"column":7}},"193":{"start":{"line":425,"column":8},"end":{"line":425,"column":22}},"194":{"start":{"line":426,"column":8},"end":{"line":431,"column":11}},"195":{"start":{"line":434,"column":4},"end":{"line":434,"column":29}},"196":{"start":{"line":435,"column":4},"end":{"line":459,"column":5}},"197":{"start":{"line":436,"column":6},"end":{"line":439,"column":9}},"198":{"start":{"line":440,"column":6},"end":{"line":440,"column":26}},"199":{"start":{"line":441,"column":6},"end":{"line":444,"column":7}},"200":{"start":{"line":442,"column":8},"end":{"line":442,"column":24}},"201":{"start":{"line":443,"column":8},"end":{"line":443,"column":35}},"202":{"start":{"line":445,"column":6},"end":{"line":458,"column":7}},"203":{"start":{"line":446,"column":8},"end":{"line":446,"column":29}},"204":{"start":{"line":447,"column":8},"end":{"line":447,"column":34}},"205":{"start":{"line":448,"column":8},"end":{"line":457,"column":9}},"206":{"start":{"line":449,"column":10},"end":{"line":451,"column":13}},"207":{"start":{"line":452,"column":10},"end":{"line":452,"column":52}},"208":{"start":{"line":452,"column":25},"end":{"line":452,"column":52}},"209":{"start":{"line":453,"column":10},"end":{"line":456,"column":11}},"210":{"start":{"line":454,"column":12},"end":{"line":454,"column":28}},"211":{"start":{"line":455,"column":12},"end":{"line":455,"column":40}},"212":{"start":{"line":460,"column":4},"end":{"line":471,"column":5}},"213":{"start":{"line":461,"column":6},"end":{"line":463,"column":9}},"214":{"start":{"line":464,"column":6},"end":{"line":464,"column":26}},"215":{"start":{"line":465,"column":6},"end":{"line":470,"column":7}},"216":{"start":{"line":466,"column":8},"end":{"line":466,"column":22}},"217":{"start":{"line":467,"column":8},"end":{"line":469,"column":11}},"218":{"start":{"line":472,"column":4},"end":{"line":475,"column":7}},"219":{"start":{"line":476,"column":4},"end":{"line":483,"column":7}},"220":{"start":{"line":484,"column":4},"end":{"line":489,"column":7}},"221":{"start":{"line":490,"column":4},"end":{"line":490,"column":20}},"222":{"start":{"line":493,"column":2},"end":{"line":493,"column":15}},"223":{"start":{"line":497,"column":0},"end":{"line":766,"column":5}},"224":{"start":{"line":499,"column":2},"end":{"line":507,"column":3}},"225":{"start":{"line":500,"column":4},"end":{"line":500,"column":21}},"226":{"start":{"line":501,"column":4},"end":{"line":501,"column":20}},"227":{"start":{"line":502,"column":4},"end":{"line":502,"column":21}},"228":{"start":{"line":503,"column":4},"end":{"line":503,"column":21}},"229":{"start":{"line":504,"column":4},"end":{"line":504,"column":21}},"230":{"start":{"line":505,"column":4},"end":{"line":505,"column":21}},"231":{"start":{"line":506,"column":4},"end":{"line":506,"column":24}},"232":{"start":{"line":509,"column":2},"end":{"line":525,"column":4}},"233":{"start":{"line":510,"column":4},"end":{"line":510,"column":42}},"234":{"start":{"line":511,"column":4},"end":{"line":511,"column":42}},"235":{"start":{"line":512,"column":4},"end":{"line":512,"column":42}},"236":{"start":{"line":513,"column":4},"end":{"line":513,"column":25}},"237":{"start":{"line":514,"column":4},"end":{"line":514,"column":26}},"238":{"start":{"line":515,"column":4},"end":{"line":515,"column":26}},"239":{"start":{"line":516,"column":4},"end":{"line":516,"column":24}},"240":{"start":{"line":517,"column":4},"end":{"line":524,"column":7}},"241":{"start":{"line":527,"column":2},"end":{"line":546,"column":4}},"242":{"start":{"line":528,"column":4},"end":{"line":528,"column":14}},"243":{"start":{"line":529,"column":4},"end":{"line":529,"column":24}},"244":{"start":{"line":530,"column":4},"end":{"line":530,"column":35}},"245":{"start":{"line":531,"column":4},"end":{"line":531,"column":35}},"246":{"start":{"line":532,"column":4},"end":{"line":532,"column":32}},"247":{"start":{"line":533,"column":4},"end":{"line":533,"column":37}},"248":{"start":{"line":534,"column":4},"end":{"line":534,"column":36}},"249":{"start":{"line":535,"column":4},"end":{"line":535,"column":43}},"250":{"start":{"line":536,"column":4},"end":{"line":536,"column":39}},"251":{"start":{"line":537,"column":4},"end":{"line":537,"column":103}},"252":{"start":{"line":538,"column":4},"end":{"line":538,"column":23}},"253":{"start":{"line":539,"column":4},"end":{"line":545,"column":5}},"254":{"start":{"line":540,"column":6},"end":{"line":540,"column":16}},"255":{"start":{"line":542,"column":6},"end":{"line":542,"column":29}},"256":{"start":{"line":543,"column":6},"end":{"line":543,"column":41}},"257":{"start":{"line":544,"column":6},"end":{"line":544,"column":32}},"258":{"start":{"line":548,"column":2},"end":{"line":563,"column":4}},"259":{"start":{"line":549,"column":4},"end":{"line":549,"column":14}},"260":{"start":{"line":550,"column":4},"end":{"line":550,"column":24}},"261":{"start":{"line":551,"column":4},"end":{"line":551,"column":38}},"262":{"start":{"line":552,"column":4},"end":{"line":552,"column":41}},"263":{"start":{"line":553,"column":4},"end":{"line":553,"column":41}},"264":{"start":{"line":554,"column":4},"end":{"line":554,"column":58}},"265":{"start":{"line":555,"column":4},"end":{"line":555,"column":23}},"266":{"start":{"line":556,"column":4},"end":{"line":562,"column":5}},"267":{"start":{"line":557,"column":6},"end":{"line":557,"column":16}},"268":{"start":{"line":559,"column":6},
[...]
id;","    id = this.cache[s];","    if (id) {","      return id;","    } else {","      this.arr.push(s);","      this.cache[s] = this.arr.length;","      return this.arr.length;","    }","  };","","  SharedStrings.prototype.toxml = function() {","    var i, si, sst, _ref;","    sst = xml.create('sst', {","      version: '1.0',","      encoding: 'UTF-8',","      standalone: true","    });","    sst.att('xmlns', 'http://schemas.openxmlformats.org/spreadsheetml/2006/main');","    sst.att('count', '' + this.arr.length);","    sst.att('uniqueCount', '' + this.arr.length);","    for (i = 0, _ref = this.arr.length; 0 <= _ref ? i < _ref : i > _ref; 0 <= _ref ? i++ : i--) {","      si = sst.ele('si');","      si.ele('t', this.arr[i]);","      si.ele('phoneticPr', {","        fontId: 1,","        type: 'noConversion'","      });","    }","    return sst.end();","  };","","  return SharedStrings;","","})();","","Sheet = (function() {","","  function Sheet(book, name, cols, rows) {","    var i, j, _ref, _ref2;","    this.book = book;","    this.name = name;","    this.cols = cols;","    this.rows = rows;","    this.data = {};","    for (i = 1, _ref = this.rows; 1 <= _ref ? i <= _ref : i >= _ref; 1 <= _ref ? i++ : i--) {","      this.data[i] = {};","      for (j = 1, _ref2 = this.cols; 1 <= _ref2 ? j <= _ref2 : j >= _ref2; 1 <= _ref2 ? j++ : j--) {","        this.data[i][j] = {","          v: 0","        };","      }","    }","    this.merges = [];","    this.col_wd = [];","    this.row_ht = {};","    this.styles = {};","  }","","  Sheet.prototype.set = function(col, row, str) {","    if ((str != null) && str !== '') {","      return this.data[row][col].v = this.book.ss.str2id('' + str);","    }","  };","","  Sheet.prototype.merge = function(from_cell, to_cell) {","    return this.merges.push({","      from: from_cell,","      to: to_cell","    });","  };","","  Sheet.prototype.width = function(col, wd) {","    return this.col_wd.push({","      c: col,","      cw: wd","    });","  };","","  Sheet.prototype.height = function(row, ht) {","    return this.row_ht[row] = ht;","  };","","  Sheet.prototype.font = function(col, row, font_s) {","    return this.styles['font_' + col + '_' + row] = this.book.st.font2id(font_s);","  };","","  Sheet.prototype.fill = function(col, row, fill_s) {","    return this.styles['fill_' + col + '_' + row] = this.book.st.fill2id(fill_s);","  };","","  Sheet.prototype.border = function(col, row, bder_s) {","    return this.styles['bder_' + col + '_' + row] = this.book.st.bder2id(bder_s);","  };","","  Sheet.prototype.align = function(col, row, align_s) {","    return this.styles['algn_' + col + '_' + row] = align_s;","  };","","  Sheet.prototype.valign = function(col, row, valign_s) {","    return this.styles['valgn_' + col + '_' + row] = valign_s;","  };","","  Sheet.prototype.rotate = function(col, row, textRotation) {","    return this.styles['rotate_' + col + '_' + row] = textRotation;","  };","","  Sheet.prototype.wrap = function(col, row, wrap_s) {","    return this.styles['wrap_' + col + '_' + row] = wrap_s;","  };","","  Sheet.prototype.style_id = function(col, row) {","    var id, inx, style;","    inx = '_' + col + '_' + row;","    style = {","      font_id: this.styles['font' + inx],","      fill_id: this.styles['fill' + inx],","      bder_id: this.styles['bder' + inx],","      align: this.styles['algn' + inx],","      valign: this.styles['valgn' + inx],","      rotate: this.styles['rotate' + inx],","      wrap: this.styles['wrap' + inx]","    };","    id = this.book.st.style2id(style);","    return id;","  };","","  Sheet.prototype.toxml = function() {","    var c, cols, cw, ht, i, ix, j, m, mc, r, sd, sid, ws, _i, _j, _len, _len2, _ref, _ref2, _ref3, _ref4;","    ws = xml.create('worksheet', {","      version: '1.0',","      encoding: 'UTF-8',","      standalone: true","    });","    ws.att('xmlns', 'http://schemas.openxmlformats.org/spreadsheetml/2006/main');","    ws.att('xmlns:r', 'http://schemas.openxmlformats.org/officeDocument/2006/relationships');","    ws.ele('dimension', {","      ref: 'A1'","    });","    ws.ele('sheetViews').ele('sheetView', {","      workbookViewId: '0'","    });","    ws.ele('sheetFormatPr', {","      defaultRowHeight: '13.5'","    });","    if (this.col_wd.length > 0) {","      cols = ws.ele('cols');","      _ref = this.col_wd;","      for (_i = 0, _len = _ref.length; _i < _len; _i++) {","        cw = _ref[_i];","        cols.ele('col', {","          min: '' + cw.c,","          max: '' + cw.c,","          width: cw.cw,","          customWidth: '1'","        });","      }","    }","    sd = ws.ele('sheetData');","    for (i = 1, _ref2 = this.rows; 1 <= _ref2 ? i <= _ref2 : i >= _ref2; 1 <= _ref2 ? i++ : i--) {","      r = sd.ele('row', {","        r: '' + i,","        spans: '1:' + this.cols","      });","      ht = this.row_ht[i];","      if (ht) {","        r.att('ht', ht);","        r.att('customHeight', '1');","      }","      for (j = 1, _ref3 = this.cols; 1 <= _ref3 ? j <= _ref3 : j >= _ref3; 1 <= _ref3 ? j++ : j--) {","        ix = this.data[i][j];","        sid = this.style_id(j, i);","        if ((ix.v !== 0) || (sid !== 1)) {","          c = r.ele('c', {","            r: '' + tool.i2a(j) + i","          });","          if (sid !== 1) c.att('s', '' + (sid - 1));","          if (ix.v !== 0) {","            c.att('t', 's');","            c.ele('v', '' + (ix.v - 1));","          }","        }","      }","    }","    if (this.merges.length > 0) {","      mc = ws.ele('mergeCells', {","        count: this.merges.length","      });","      _ref4 = this.merges;","      for (_j = 0, _len2 = _ref4.length; _j < _len2; _j++) {","        m = _ref4[_j];","        mc.ele('mergeCell', {","          ref: '' + tool.i2a(m.from.col) + m.from.row + ':' + tool.i2a(m.to.col) + m.to.row","        });","      }","    }","    ws.ele('phoneticPr', {","      fontId: '1',","      type: 'noConversion'","    });","    ws.ele('pageMargins', {","      left: '0.7',","      right: '0.7',","      top: '0.75',","      bottom: '0.75',","      header: '0.3',","      footer: '0.3'","    });","    ws.ele('pageSetup', {","      paperSize: '9',","      orientation: 'portrait',","      horizontalDpi: '200',","      verticalDpi: '200'","    });","    return ws.end();","  };","","  return Sheet;","","})();","","Style = (function() {","","  function Style(book) {","    this.book = book;","    this.cache = {};","    this.mfonts = [];","    this.mfills = [];","    this.mbders = [];","    this.mstyle = [];","    this.with_default();","  }","","  Style.prototype.with_default = function() {","    this.def_font_id = this.font2id(null);","    this.def_fill_id = this.fill2id(null);","    this.def_bder_id = this.bder2id(null);","    this.def_align = '-';","    this.def_valign = '-';","    this.def_rotate = '-';","    this.def_wrap = '-';","    return this.def_style_id = this.style2id({","      font_id: this.def_font_id,","      fill_id: this.def_fill_id,","      bder_id: this.def_bder_id,","      align: this.def_align,","      valign: this.def_valign,","      rotate: this.def_rotate","    });","  };","","  Style.prototype.font2id = function(font) {","    var id, k;","    font || (font = {});","    font.bold || (font.bold = '-');","    font.iter || (font.iter = '-');","    font.sz || (font.sz = '11');","    font.color || (font.color = '-');","    font.name || (font.name = '宋体');","    font.scheme || (font.scheme = 'minor');","    font.family || (font.family = '2');","    k = 'font_' + font.bold + font.iter + font.sz + font.color + font.name + font.scheme + font.family;","    id = this.cache[k];","    if (id) {","      return id;","    } else {","      this.mfonts.push(font);","      this.cache[k] = this.mfonts.length;","      return this.mfonts.length;","    }","  };","","  Style.prototype.fill2id = function(fill) {","    var id, k;","    fill || (fill = {});","    fill.type || (fill.type = 'none');","    fill.bgColor || (fill.bgColor = '-');","    fill.fgColor || (fill.fgColor = '-');","    k = 'fill_' + fill.type + fill.bgColor + fill.fgColor;","    id = this.cache[k];","    if (id) {","      return id;","    } else {","      this.mfills.push(fill);","      this.cache[k] = this.mfills.length;","      return this.mfills.length;","    }","  };","","  Style.prototype.bder2id = function(bder) {","    var id, k;","    bder || (bder = {});","    bder.left || (bder.left = '-');","    bder.right || (bder.right = '-');","    bder.top || (bder.top = '-');","    bder.bottom || (bder.bottom = '-');","    k = 'bder_' + bder.left + '_' + bder.right + '_' + bder.top + '_' + bder.bottom;","    id = this.cache[k];","    if (id) {","      return id;","    } else {","      this.mbders.push(bder);","      this.cache[k] = this.mbders.length;","      return this.mbders.length;","    }","  };","","  Style.prototype.style2id = function(style) {","    var id, k;","    style.align || (style.align = this.def_align);","    style.valign || (style.valign = this.def_valign);","    style.rotate || (style.rotate = this.def_rotate);","    style.wrap || (style.wrap = this.def_wrap);","    style.font_id || (style.font_id = this.def_font_id);","    style.fill_id || (style.fill_id = this.def_fill_id);","    style.bder_id || (style.bder_id = this.def_bder_id);","    k = 's_' + style.font_id + '_' + style.fill_id + '_' + style.bder_id + '_' + style.align + '_' + style.valign + '_' + style.wrap + '_' + style.rotate;","    id = this.cache[k];","    if (id) {","      return id;","    } else {","      this.mstyle.push(style);","      this.cache[k] = this.mstyle.length;","      return this.mstyle.length;","    }","  };","","  Style.prototype.toxml = function() {","    var bders, cs, e, ea, es, fills, fonts, o, ss, _i, _j, _k, _l, _len, _len2, _len3, _len4, _ref, _ref2, _ref3, _ref4;","    ss = xml.create('styleSheet', {","      version: '1.0',","      encoding: 'UTF-8',","      standalone: true","    });","    ss.att('xmlns', 'http://schemas.openxmlformats.org/spreadsheetml/2006/main');","    fonts = ss.ele('fonts', {","      count: this.mfonts.length","    });","    _ref = this.mfonts;","    for (_i = 0, _len = _ref.length; _i < _len; _i++) {","      o = _ref[_i];","      e = fonts.ele('font');","      if (o.bold !== '-') e.ele('b');","      if (o.iter !== '-') e.ele('i');","      e.ele('sz', {","        val: o.sz","      });","      if (o.color !== '-') {","        e.ele('color', {","          theme: o.color","        });","      }","      e.ele('name', {","        val: o.name","      });","      e.ele('family', {","        val: o.family","      });","      e.ele('charset', {","        val: '134'","      });","      if (o.scheme !== '-') {","        e.ele('scheme', {","          val: 'minor'","        });","      }","    }","    fills = ss.ele('fills', {","      count: this.mfills.length","    });","    _ref2 = this.mfills;","    for (_j = 0, _len2 = _ref2.length; _j < _len2; _j++) {","      o = _ref2[_j];","      e = fills.ele('fill');","      es = e.ele('patternFill', {","        patternType: o.type","      });","      if (o.fgColor !== '-') {","        es.ele('fgColor', {","          theme: '8',","          tint: '0.79998168889431442'","        });","      }","      if (o.bgColor !== '-') {","        es.ele('bgColor', {","          indexed: o.bgColor","        });","      }","    }","    bders = ss.ele('borders', {","      count: this.mbders.length","    });","    _ref3 = this.mbders;","    for (_k = 0, _len3 = _ref3.length; _k < _len3; _k++) {","      o = _ref3[_k];","      e = bders.ele('border');","      if (o.left !== '-') {","        e.ele('left', {","          style: o.left","        }).ele('color', {","          auto: '1'","        });","      } else {","        e.ele('left');","      }","      if (o.right !== '-') {","        e.ele('right', {","          style: o.right","        }).ele('color', {","          auto: '1'","        });","      } else {","        e.ele('right');","      }","      if (o.top !== '-') {","        e.ele('top', {","          style: o.top","        }).ele('color', {","          auto: '1'","        });","      } else {","        e.ele('top');","      }","      if (o.bottom !== '-') {","        e.ele('bottom', {","          style: o.bottom","        }).ele('color', {","          auto: '1'","        });","      } else {","        e.ele('bottom');","      }","      e.ele('diagonal');","    }","    ss.ele('cellStyleXfs', {","      count: '1'","    }).ele('xf', {","      numFmtId: '0',","      fontId: '0',","      fillId: '0',","      borderId: '0'","    }).ele('alignment', {","      vertical: 'center'","    });","    cs = ss.ele('cellXfs', {","      count: this.mstyle.length","    });","    _ref4 = this.mstyle;","    for (_l = 0, _len4 = _ref4.length; _l < _len4; _l++) {","      o = _ref4[_l];","      e = cs.ele('xf', {","        numFmtId: '0',","        fontId: o.font_id - 1,","        fillId: o.fill_id - 1,","        borderId: o.bder_id - 1,","        xfId: '0'","      });","      if (o.font_id !== 1) e.att('applyFont', '1');","      if (o.fill_id !== 1) e.att('applyFill', '1');","      if (o.bder_id !== 1) e.att('applyBorder', '1');","      if (o.align !== '-' || o.valign !== '-' || o.wrap !== '-' || o.rotate !== '-') {","        e.att('applyAlignment', '1');","        ea = e.ele('alignment', {","          textRotation: (o.rotate === '-' ? '0' : o.rotate),","          horizontal: (o.align === '-' ? 'left' : o.align),","          vertical: (o.valign === '-' ? 'top' : o.valign)","        });","        if (o.wrap !== '-') ea.att('wrapText', '1');","      }","    }","    ss.ele('cellStyles', {","      count: '1'","    }).ele('cellStyle', {","      name: '常规',","      xfId: '0',","      builtinId: '0'","    });","    ss.ele('dxfs', {","      count: '0'","    });","    ss.ele('tableStyles', {","      count: '0',","      defaultTableStyle: 'TableStyleMedium9',","      defaultPivotStyle: 'PivotStyleLight16'","    });","    return ss.end();","  };","","  return Style;","","})();","","Workbook = (function() {","","  function Workbook(fpath, fname) {","    var target;","    this.fpath = fpath;","    this.fname = fname;","    this.save = __bind(this.save, this);","    this.id = '' + Math.floor(Math.random() * 9999999);","    target = path.join(this.fpath, this.id);","    if (existsSync(target)) fs.rmdirSync(target);","    this.sheets = [];","    this.ss = new SharedStrings();","    this.ct = new ContentTypes(this);","    this.da = new DocPropsApp(this);","    this.wb = new XlWorkbook(this);","    this.re = new XlRels(this);","    this.st = new Style(this);","  }","","  Workbook.prototype.createSheet = function(name, cols, rows) {","    var sheet;","    sheet = new Sheet(this, name, cols, rows);","    this.sheets.push(sheet);","    return sheet;","  };","","  Workbook.prototype.save = function(cb) {","    var i, target, _ref, sheetList = [];","    var self = this;","    target = path.join(this.fpath, this.id);","","    for (i = 0, _ref = this.sheets.length; 0 <= _ref ? i < _ref : i > _ref; 0 <= _ref ? i++ : i--) {","      sheetList.push({name: target + '/xl/worksheets/sheet' + (i + 1) + '.xml', data: this.sheets[i].toxml()});","    }","","    async.series([","      async.apply(fs.copy, opt.tmpl_path + '/tmpl', target),","      async.apply(fs.mkdir, target + '/xl/_rels'),","      async.apply(fs.mkdir, target + '/xl/worksheets'),","      async.apply(fs.writeFile, target + '/[Content_Types].xml', self.ct.toxml()),","      async.apply(fs.writeFile, target + '/docProps/app.xml', self.da.toxml()),","      async.apply(fs.writeFile, target + '/xl/workbook.xml', self.wb.toxml()),","      async.apply(fs.writeFile, target + '/xl/sharedStrings.xml', self.ss.toxml()),","      async.apply(fs.writeFile, target + '/xl/_rels/workbook.xml.rels', self.re.toxml()),","      async.apply(fs.writeFile, target + '/xl/styles.xml', self.st.toxml()),","      function(cb) {","        async.forEach(sheetList, function(sheet, sheetDone) {","          fs.writeFile(sheet.name, sheet.data, sheetDone);","        }, function(err) {","          cb(err);","        });","      }","    ], function(err) {","      if(err) {","        return cb(err);","      }","      var zip = new EasyZip();","      zip.zipFolder(target+'/.', function(){","        zip.writeToFile(path.join(self.fpath, self.fname));","        fs.remove(target, function() {","          return cb(err, path.join(self.fpath, self.fname)); // return err, path to file","        });","      });","    });","  };","","  Workbook.prototype.cancel = function() {","    fs.remove(path.join(this.fpath, this.id));","  };","","  return Workbook;","","})();","","module.exports = {","  createWorkbook: function(fpath, fname) {","    return new Workbook(fpath, fname);","  }","};",""],"l":{"6":1,"7":0,"9":1,"11":1,"13":1,"15":1,"17":1,"19":1,"21":1,"23":1,"25":0,"28":1,"29":0,"35":0,"36":0,"38":0,"40":0,"43":0,"44":0,"45":0,"46":0,"47":0,"48":0,"49":0,"50":0,"51":0,"52":0,"53":0,"54":0,"55":0,"57":0,"58":0,"60":0,"64":0,"70":1,"74":1,"76":1,"77":0,"80":1,"81":0,"82":0,"87":0,"88":0,"92":0,"96":0,"100":0,"104":0,"108":0,"112":0,"113":0,"118":0,"122":0,"126":0,"129":1,"133":1,"135":1,"136":0,"139":1,"140":0,"141":0,"146":0,"147":0,"148":0,"149":0,"150":0,"151":0,"155":0,"156":0,"157":0,"161":0,"162":0,"164":0,"165":0,"166":0,"167":0,"168":0,"169":0,"172":1,"176":1,"178":1,"179":0,"182":1,"183":0,"184":0,"189":0,"190":0,"191":0,"197":0,"201":0,"207":0,"208":0,"209":0,"215":0,"218":0,"221":1,"225":1,"227":1,"228":0,"231":1,"232":0,"233":0,"238":0,"239":0,"240":0,"246":0,"251":0,"256":0,"261":0,"264":1,"268":1,"270":1,"271":0,"272":0,"275":1,"276":0,"277":0,"278":0,"279":0,"281":0,"282":0,"283":0,"287":1,"288":0,"289":0,"294":0,"295":0,"296":0,"297":0,"298":0,"299":0,"300":0,"305":0,"308":1,"312":1,"314":1,"315":0,"316":0,"317":0,"318":0,"319":0,"320":0,"321":0,"322":0,"323":0,"324":0,"329":0,"330":0,"331":0,"332":0,"335":1,"336":0,"337":0,"341":1,"342":0,"348":1,"349":0,"355":1,"356":0,"359":1,"360":0,"363":1,"364":0,"367":1,"368":0,"371":1,"372":0,"375":1,"376":0,"379":1,"380":0,"383":1,"384":0,"387":1,"388":0,"389":0,"390":0,"399":0,"400":0,"403":1,"404":0,"405":0,"410":0,"411":0,"412":0,"415":0,"418":0,"421":0,"422":0,"423":0,"424":0,"425":0,"426":0,"434":0,"435":0,"436":0,"440":0,"441":0,"442":0,"443":0,"445":0,"446":0,"447":0,"448":0,"449":0,"452":0,"453":0,"454":0,"455":0,"460":0,"461":0,"464":0,"465":0,"466":0,"467":0,"472":0,"476":0,"484":0,"490":0,"493":1,"497":1,"499":1,"500":0,"501":0,"502":0,"503":0,"504":0,"505":0,"506":0,"509":1,"510":0,"511":0,"512":0,"513":0,"514":0,"515":0,"516":0,"517":0,"527":1,"528":0,"529":0,"530":0,"531":0,"532":0,"533":0,"534":0,"535":0,"536":0,"537":0,"538":0,"539":0,"540":0,"542":0,"543":0,"544":0,"548":1,"549":0,"550":0,"551":0,"552":0,"553":0,"554":0,"555":0,"556":0,"557":0,"559":0,"560":0,"561":0,"565":1,"566":0,"567":0,"568":0,"569":0,"570":0,"571":0,"572":0,"573":0,"574":0,"575":0,"577":0,"578":0,"579":0,"583":1,"584":0,"585":0,"586":0,"587":0,"588":0,"589":0,"590":0,"591":0,"592":0,"593":0,"594":0,"595":0,"597":0,"598":0,"599":0,"603":1,"604":0,"605":0,"610":0,"611":0,"614":0,"615":0,"616":0,"617":0,"618":0,"619":0,"620":0,"623":0,"624":0,"628":0,"631":0,"634":0,"637":0,"638":0,"643":0,"646":0,"647":0,"648":0,"649":0,"650":0,"653":0,"654":0,"659":0,"660":0,"665":0,"668":0,"669":0,"670":0,"671":0,"672":0,"673":0,"679":0,"681":0,"682":0,"688":0,"690":0,"691":0,"697":0,"699":0,"700":0,"706":0,"708":0,"710":0,"720":0,"723":0,"724":0,"725":0,"726":0,"733":0,"734":0,"735":0,"736":0,"737":0,"738":0,"743":0,"746":0,"753":0,"756":0,"761":0,"764":1,"768":1,"770":1,"771":0,"772":0,"773":0,"774":0,"775":0,"776":0,"777":0,"778":0,"779":0,"780":0,"781":0,"782":0,"783":0,"784":0,"787":1,"788":0,"789":0,"790":0,"791":0,"794":1,"795":0,"796":0,"797":0,"799":0,"800":0,"803":0,"814":0,"815":0,"817":0,"821":0,"822":0,"824":0,"825":0,"826":0,"827":0,"828":0,"834":1,"835":0,"838":1,"842":1,"844":0}}}